Change Value of Parameter Value in Part C19 Old=0.01uF New=1uF
Change Value of Parameter Value in Part C20 Old=0.01uF New=0.1uF
Change Value of Parameter Value in Part C21 Old=0.01uF New=0.1uF
Change Value of Parameter Value in Part C22 Old=0.01uF New=0.1uF
Change Value of Parameter Value in Part C23 Old=0.01uF New=0.1uF
Change Value of Parameter Value in Part C31 Old=0.01uF New=0.1uF
Change Value of Parameter Value in Part C35 Old=100pF New=10uF
Change Value of Parameter Value in Part C57 Old=0.01uF New=0.1uF
Change Value of Parameter Value in Part C58 Old=0.01uF New=0.1uF
Change Value of Parameter Value in Part C59 Old=0.01uF New=0.1uF
Change Value of Parameter Value in Part C60 Old=0.01uF New=0.1uF
Change Value of Parameter Value in Part C61 Old=0.01uF New=0.1uF
Change Value of Parameter Value in Part C62 Old=0.01uF New=0.1uF
Change Value of Parameter Value in Part C63 Old=0.01uF New=0.1uF
Change Value of Parameter Value in Part C64 Old=0.01uF New=0.1uF
Change Value of Parameter Value in Part C65 Old=0.01uF New=0.1uF
Change Value of Parameter Value in Part C66 Old=0.01uF New=0.1uF
Change Value of Parameter Value in Part C67 Old=0.01uF New=0.1uF
Change Value of Parameter Value in Part C68 Old=0.01uF New=0.1uF
Change Value of Parameter Value in Part C69 Old=0.01uF New=0.1uF
Change Value of Parameter Value in Part C70 Old=0.01uF New=0.1uF
Change Value of Parameter Value in Part C71 Old=0.01uF New=0.1uF
Change Value of Parameter Value in Part C72 Old=0.01uF New=0.1uF
Change Value of Parameter Value in Part C73 Old=0.01uF New=0.1uF
Change Value of Parameter Value in Part C74 Old=0.01uF New=0.1uF
Change Value of Parameter Value in Part C75 Old=0.01uF New=0.1uF
Change Value of Parameter Value in Part C77 Old=0.01uF New=0.1uF
Change Value of Parameter Value in Part C78 Old=0.01uF New=0.1uF
Change Value of Parameter Value in Part C79 Old=0.01uF New=0.1uF
Change Value of Parameter Value in Part C80 Old=0.01uF New=0.1uF
Change Value of Parameter Value in Part C92 Old=0.01uF New=10uF
Change Value of Parameter Value in Part C110 Old=0.01uF New=10uF
Change Value of Parameter Value in Part C111 Old=0.01uF New=10uF
Change Value of Parameter Value in Part C112 Old=0.01uF New=10uF
Change Value of Parameter Value in Part R18 Old=1K New=2K
Change Value of Parameter Value in Part R21 Old=1K New=2K
Change Value of Parameter Value in Part R22 Old=1K New=3.3K
Change Value of Parameter Value in Part R26 Old=1K New=10K
Change Value of Parameter Value in Part R70 Old=1K New=10K
Change Value of Parameter Value in Part R71 Old=1K New=10K
Change Value of Parameter Value in Part R73 Old=1K New=100K
Change Value of Parameter Value in Part R75 Old=1K New=100K
Change Value of Parameter Value in Part R76 Old=1K New=10K
Change Value of Parameter Value in Part R77 Old=1K New=10K
Change Value of Parameter Value in Part R79 Old=1K New=100K
Change Value of Parameter Value in Part R81 Old=1K New=100K
Change Value of Parameter Value in Part R82 Old=1K New=10K
Change Value of Parameter Value in Part R83 Old=1K New=10K
Change Value of Parameter Value in Part R85 Old=1K New=100K
Change Value of Parameter Value in Part R87 Old=1K New=100K
Change Value of Parameter Value in Part R88 Old=1K New=10K
Change Value of Parameter Value in Part R90 Old=1K New=100K
Change Value of Parameter Value in Part R91 Old=1K New=10K
Change Value of Parameter Value in Part R93 Old=1K New=100K
Change Value of Parameter Value in Part R94 Old=1K New=10K
Change Value of Parameter Value in Part R95 Old=1K New=10K
Change Value of Parameter Value in Part R97 Old=1K New=100K
Change Value of Parameter Value in Part R99 Old=1K New=100K
Change Value of Parameter Value in Part R100 Old=1K New=10K
Change Value of Parameter Value in Part R101 Old=1K New=10K
Change Value of Parameter Value in Part R103 Old=1K New=100K
Change Value of Parameter Value in Part R105 Old=1K New=100K
Change Value of Parameter Value in Part R106 Old=1K New=10K
Change Value of Parameter Value in Part R107 Old=1K New=10K
Change Value of Parameter Value in Part R109 Old=1K New=100K
Change Value of Parameter Value in Part R111 Old=1K New=100K
Change Value of Parameter Value in Part R112 Old=1K New=10K
Change Value of Parameter Value in Part R114 Old=1K New=100K
Change Value of Parameter Value in Part R115 Old=1K New=10K
Change Value of Parameter Value in Part R117 Old=1K New=100K
Change Value of Parameter Value in Part R118 Old=1K New=10K
Change Value of Parameter Value in Part R120 Old=1K New=10K
Change Value of Parameter Value in Part R121 Old=1K New=100K
Change Value of Parameter Value in Part R124 Old=1K New=10K
Change Value of Parameter Value in Part R125 Old=1K New=10K
Change Value of Parameter Value in Part R126 Old=1K New=100K
Change Value of Parameter Value in Part R127 Old=1K New=10K
Change Value of Parameter Value in Part R128 Old=1K New=10K
Change Value of Parameter Value in Part R129 Old=1K New=100K
Change Value of Parameter Value in Part R130 Old=1K New=10K
Change Value of Parameter Value in Part R131 Old=1K New=10K
Change Value of Parameter Value in Part R132 Old=1K New=100K
Change Value of Parameter Value in Part R160 Old=1K New=2K
Change Value of Parameter Value in Part R161 Old=1K New=2K
