Removed Parameter Visible:ture from Part C19
Removed Parameter Visible:ture from Part C20
Removed Parameter Visible:ture from Part C21
Removed Parameter Visible:ture from Part C22
Removed Parameter Visible:ture from Part C23
Removed Parameter Visible:ture from Part C31
Removed Parameter Visible:ture from Part C35
Removed Parameter Visible:ture from Part C57
Removed Parameter Visible:ture from Part C58
Removed Parameter Visible:ture from Part C59
Removed Parameter Visible:ture from Part C60
Removed Parameter Visible:ture from Part C61
Removed Parameter Visible:ture from Part C62
Removed Parameter Visible:ture from Part C63
Removed Parameter Visible:ture from Part C64
Removed Parameter Visible:ture from Part C65
Removed Parameter Visible:ture from Part C66
Removed Parameter Visible:ture from Part C67
Removed Parameter Visible:ture from Part C68
Removed Parameter Visible:ture from Part C69
Removed Parameter Visible:ture from Part C70
Removed Parameter Visible:ture from Part C71
Removed Parameter Visible:ture from Part C72
Removed Parameter Visible:ture from Part C73
Removed Parameter Visible:ture from Part C74
Removed Parameter Visible:ture from Part C75
Removed Parameter Visible:ture from Part C77
Removed Parameter Visible:ture from Part C78
Removed Parameter Visible:ture from Part C79
Removed Parameter Visible:ture from Part C80
Removed Parameter Visible:ture from Part C92
Removed Parameter Visible:ture from Part C110
Removed Parameter Visible:ture from Part C111
Removed Parameter Visible:ture from Part C112
Removed Parameter Visible:ture from Part D15
Removed Parameter Visible:ture from Part D16
Removed Parameter Visible:ture from Part D17
Removed Parameter Visible:ture from Part D18
Removed Parameter Visible:ture from Part D19
Removed Parameter Visible:ture from Part D20
Removed Parameter Visible:ture from Part D21
Removed Parameter Visible:ture from Part D22
Removed Parameter Visible:ture from Part D23
Removed Parameter Visible:ture from Part D24
Removed Parameter Visible:ture from Part D25
Removed Parameter Visible:ture from Part D26
Removed Parameter Visible:ture from Part D27
Removed Parameter Visible:ture from Part D28
Removed Parameter Visible:ture from Part D29
Removed Parameter Visible:ture from Part D30
Removed Parameter Visible:ture from Part D31
Removed Parameter Visible:ture from Part D32
Removed Parameter Visible:ture from Part D33
Removed Parameter Visible:ture from Part D34
Removed Parameter Visible:ture from Part D35
Removed Parameter Visible:ture from Part D36
Removed Parameter Visible:ture from Part D49
Removed Parameter Visible:ture from Part D55
Removed Parameter Visible:ture from Part Q43
Removed Parameter Visible:ture from Part R18
Removed Parameter Visible:ture from Part R19
Removed Parameter Visible:ture from Part R20
Removed Parameter Visible:ture from Part R21
Removed Parameter Visible:ture from Part R22
Removed Parameter Visible:ture from Part R26
Removed Parameter Visible:ture from Part R70
Removed Parameter Visible:ture from Part R71
Removed Parameter Visible:ture from Part R72
Removed Parameter Visible:ture from Part R73
Removed Parameter Visible:ture from Part R74
Removed Parameter Visible:ture from Part R75
Removed Parameter Visible:ture from Part R76
Removed Parameter Visible:ture from Part R77
Removed Parameter Visible:ture from Part R78
Removed Parameter Visible:ture from Part R79
Removed Parameter Visible:ture from Part R80
Removed Parameter Visible:ture from Part R81
Removed Parameter Visible:ture from Part R82
Removed Parameter Visible:ture from Part R83
Removed Parameter Visible:ture from Part R84
Removed Parameter Visible:ture from Part R85
Removed Parameter Visible:ture from Part R86
Removed Parameter Visible:ture from Part R87
Removed Parameter Visible:ture from Part R88
Removed Parameter Visible:ture from Part R89
Removed Parameter Visible:ture from Part R90
Removed Parameter Visible:ture from Part R91
Removed Parameter Visible:ture from Part R92
Removed Parameter Visible:ture from Part R93
Removed Parameter Visible:ture from Part R94
Removed Parameter Visible:ture from Part R95
Removed Parameter Visible:ture from Part R96
Removed Parameter Visible:ture from Part R97
Removed Parameter Visible:ture from Part R98
Removed Parameter Visible:ture from Part R99
Removed Parameter Visible:ture from Part R100
Removed Parameter Visible:ture from Part R101
Removed Parameter Visible:ture from Part R102
Removed Parameter Visible:ture from Part R103
Removed Parameter Visible:ture from Part R104
Removed Parameter Visible:ture from Part R105
Removed Parameter Visible:ture from Part R106
Removed Parameter Visible:ture from Part R107
Removed Parameter Visible:ture from Part R108
Removed Parameter Visible:ture from Part R109
Removed Parameter Visible:ture from Part R110
Removed Parameter Visible:ture from Part R111
Removed Parameter Visible:ture from Part R112
Removed Parameter Visible:ture from Part R113
Removed Parameter Visible:ture from Part R114
Removed Parameter Visible:ture from Part R115
Removed Parameter Visible:ture from Part R116
Removed Parameter Visible:ture from Part R117
Removed Parameter Visible:ture from Part R118
Removed Parameter Visible:ture from Part R120
Removed Parameter Visible:ture from Part R121
Removed Parameter Visible:ture from Part R124
Removed Parameter Visible:ture from Part R125
Removed Parameter Visible:ture from Part R126
Removed Parameter Visible:ture from Part R127
Removed Parameter Visible:ture from Part R128
Removed Parameter Visible:ture from Part R129
Removed Parameter Visible:ture from Part R130
Removed Parameter Visible:ture from Part R131
Removed Parameter Visible:ture from Part R132
Removed Parameter Visible:ture from Part R160
Removed Parameter Visible:ture from Part R161
Removed Parameter Visible:ture from Part U4
Removed Parameter Visible:ture from Part U12
Removed Parameter Visible:ture from Part U13
Removed Parameter Visible:ture from Part U14
Change Value of Parameter Value in Part R19 Old=1K New=15R
Change Value of Parameter Value in Part R20 Old=1K New=15R
