Added Parameter Visible=ture to Part C19
Added Parameter Visible=ture to Part C20
Added Parameter Visible=ture to Part C21
Added Parameter Visible=ture to Part C22
Added Parameter Visible=ture to Part C23
Added Parameter Visible=ture to Part C31
Added Parameter Visible=ture to Part C35
Added Parameter Visible=ture to Part C57
Added Parameter Visible=ture to Part C58
Added Parameter Visible=ture to Part C59
Added Parameter Visible=ture to Part C60
Added Parameter Visible=ture to Part C61
Added Parameter Visible=ture to Part C62
Added Parameter Visible=ture to Part C63
Added Parameter Visible=ture to Part C64
Added Parameter Visible=ture to Part C65
Added Parameter Visible=ture to Part C66
Added Parameter Visible=ture to Part C67
Added Parameter Visible=ture to Part C68
Added Parameter Visible=ture to Part C69
Added Parameter Visible=ture to Part C70
Added Parameter Visible=ture to Part C71
Added Parameter Visible=ture to Part C72
Added Parameter Visible=ture to Part C73
Added Parameter Visible=ture to Part C74
Added Parameter Visible=ture to Part C75
Added Parameter Visible=ture to Part C77
Added Parameter Visible=ture to Part C78
Added Parameter Visible=ture to Part C79
Added Parameter Visible=ture to Part C80
Added Parameter Visible=ture to Part C92
Added Parameter Visible=ture to Part C110
Added Parameter Visible=ture to Part C111
Added Parameter Visible=ture to Part C112
Added Parameter Visible=ture to Part D15
Added Parameter Visible=ture to Part D16
Added Parameter Visible=ture to Part D17
Added Parameter Visible=ture to Part D18
Added Parameter Visible=ture to Part D19
Added Parameter Visible=ture to Part D20
Added Parameter Visible=ture to Part D21
Added Parameter Visible=ture to Part D22
Added Parameter Visible=ture to Part D23
Added Parameter Visible=ture to Part D24
Added Parameter Visible=ture to Part D25
Added Parameter Visible=ture to Part D26
Added Parameter Visible=ture to Part D27
Added Parameter Visible=ture to Part D28
Added Parameter Visible=ture to Part D29
Added Parameter Visible=ture to Part D30
Added Parameter Visible=ture to Part D31
Added Parameter Visible=ture to Part D32
Added Parameter Visible=ture to Part D33
Added Parameter Visible=ture to Part D34
Added Parameter Visible=ture to Part D35
Added Parameter Visible=ture to Part D36
Added Parameter Visible=ture to Part D49
Added Parameter Visible=ture to Part D55
Added Parameter Visible=ture to Part Q43
Added Parameter Visible=ture to Part R18
Added Parameter Visible=ture to Part R19
Added Parameter Visible=ture to Part R20
Added Parameter Visible=ture to Part R21
Added Parameter Visible=ture to Part R22
Added Parameter Visible=ture to Part R26
Added Parameter Visible=ture to Part R70
Added Parameter Visible=ture to Part R71
Added Parameter Visible=ture to Part R72
Added Parameter Visible=ture to Part R73
Added Parameter Visible=ture to Part R74
Added Parameter Visible=ture to Part R75
Added Parameter Visible=ture to Part R76
Added Parameter Visible=ture to Part R77
Added Parameter Visible=ture to Part R78
Added Parameter Visible=ture to Part R79
Added Parameter Visible=ture to Part R80
Added Parameter Visible=ture to Part R81
Added Parameter Visible=ture to Part R82
Added Parameter Visible=ture to Part R83
Added Parameter Visible=ture to Part R84
Added Parameter Visible=ture to Part R85
Added Parameter Visible=ture to Part R86
Added Parameter Visible=ture to Part R87
Added Parameter Visible=ture to Part R88
Added Parameter Visible=ture to Part R89
Added Parameter Visible=ture to Part R90
Added Parameter Visible=ture to Part R91
Added Parameter Visible=ture to Part R92
Added Parameter Visible=ture to Part R93
Added Parameter Visible=ture to Part R94
Added Parameter Visible=ture to Part R95
Added Parameter Visible=ture to Part R96
Added Parameter Visible=ture to Part R97
Added Parameter Visible=ture to Part R98
Added Parameter Visible=ture to Part R99
Added Parameter Visible=ture to Part R100
Added Parameter Visible=ture to Part R101
Added Parameter Visible=ture to Part R102
Added Parameter Visible=ture to Part R103
Added Parameter Visible=ture to Part R104
Added Parameter Visible=ture to Part R105
Added Parameter Visible=ture to Part R106
Added Parameter Visible=ture to Part R107
Added Parameter Visible=ture to Part R108
Added Parameter Visible=ture to Part R109
Added Parameter Visible=ture to Part R110
Added Parameter Visible=ture to Part R111
Added Parameter Visible=ture to Part R112
Added Parameter Visible=ture to Part R113
Added Parameter Visible=ture to Part R114
Added Parameter Visible=ture to Part R115
Added Parameter Visible=ture to Part R116
Added Parameter Visible=ture to Part R117
Added Parameter Visible=ture to Part R118
Added Parameter Visible=ture to Part R120
Added Parameter Visible=ture to Part R121
Added Parameter Visible=ture to Part R124
Added Parameter Visible=ture to Part R125
Added Parameter Visible=ture to Part R126
Added Parameter Visible=ture to Part R127
Added Parameter Visible=ture to Part R128
Added Parameter Visible=ture to Part R129
Added Parameter Visible=ture to Part R130
Added Parameter Visible=ture to Part R131
Added Parameter Visible=ture to Part R132
Added Parameter Visible=ture to Part R160
Added Parameter Visible=ture to Part R161
Added Parameter Visible=ture to Part U4
Added Parameter Visible=ture to Part U12
Added Parameter Visible=ture to Part U13
Added Parameter Visible=ture to Part U14
