Replace Part C19 Cap in C:\Documents and Settings\Administrator\桌面\work\caijiban\P2IO.SchDoc with Cap from Miscellaneous Devices.IntLib
Replace Part C20 Cap in C:\Documents and Settings\Administrator\桌面\work\caijiban\P2IO.SchDoc with Cap from Miscellaneous Devices.IntLib
Replace Part C21 Cap in C:\Documents and Settings\Administrator\桌面\work\caijiban\P2IO.SchDoc with Cap from Miscellaneous Devices.IntLib
Replace Part C22 Cap in C:\Documents and Settings\Administrator\桌面\work\caijiban\P2IO.SchDoc with Cap from Miscellaneous Devices.IntLib
Replace Part C23 Cap in C:\Documents and Settings\Administrator\桌面\work\caijiban\P2IO.SchDoc with Cap from Miscellaneous Devices.IntLib
Replace Part C31 Cap in C:\Documents and Settings\Administrator\桌面\work\caijiban\P2IO.SchDoc with Cap from Miscellaneous Devices.IntLib
Replace Part C35 Cap in C:\Documents and Settings\Administrator\桌面\work\caijiban\P2IO.SchDoc with Cap from Miscellaneous Devices.IntLib
Replace Part C57 Cap in C:\Documents and Settings\Administrator\桌面\work\caijiban\P2IO.SchDoc with Cap from Miscellaneous Devices.IntLib
Replace Part C58 Cap in C:\Documents and Settings\Administrator\桌面\work\caijiban\P2IO.SchDoc with Cap from Miscellaneous Devices.IntLib
Replace Part C59 Cap in C:\Documents and Settings\Administrator\桌面\work\caijiban\P2IO.SchDoc with Cap from Miscellaneous Devices.IntLib
Replace Part C60 Cap in C:\Documents and Settings\Administrator\桌面\work\caijiban\P2IO.SchDoc with Cap from Miscellaneous Devices.IntLib
Replace Part C61 Cap in C:\Documents and Settings\Administrator\桌面\work\caijiban\P2IO.SchDoc with Cap from Miscellaneous Devices.IntLib
Replace Part C62 Cap in C:\Documents and Settings\Administrator\桌面\work\caijiban\P2IO.SchDoc with Cap from Miscellaneous Devices.IntLib
Replace Part C63 Cap in C:\Documents and Settings\Administrator\桌面\work\caijiban\P2IO.SchDoc with Cap from Miscellaneous Devices.IntLib
Replace Part C64 Cap in C:\Documents and Settings\Administrator\桌面\work\caijiban\P2IO.SchDoc with Cap from Miscellaneous Devices.IntLib
Replace Part C65 Cap in C:\Documents and Settings\Administrator\桌面\work\caijiban\P2IO.SchDoc with Cap from Miscellaneous Devices.IntLib
Replace Part C66 Cap in C:\Documents and Settings\Administrator\桌面\work\caijiban\P2IO.SchDoc with Cap from Miscellaneous Devices.IntLib
Replace Part C67 Cap in C:\Documents and Settings\Administrator\桌面\work\caijiban\P2IO.SchDoc with Cap from Miscellaneous Devices.IntLib
Replace Part C68 Cap in C:\Documents and Settings\Administrator\桌面\work\caijiban\P2IO.SchDoc with Cap from Miscellaneous Devices.IntLib
Replace Part C69 Cap in C:\Documents and Settings\Administrator\桌面\work\caijiban\P2IO.SchDoc with Cap from Miscellaneous Devices.IntLib
Replace Part C70 Cap in C:\Documents and Settings\Administrator\桌面\work\caijiban\P2IO.SchDoc with Cap from Miscellaneous Devices.IntLib
Replace Part C71 Cap in C:\Documents and Settings\Administrator\桌面\work\caijiban\P2IO.SchDoc with Cap from Miscellaneous Devices.IntLib
Replace Part C72 Cap in C:\Documents and Settings\Administrator\桌面\work\caijiban\P2IO.SchDoc with Cap from Miscellaneous Devices.IntLib
Replace Part C73 Cap in C:\Documents and Settings\Administrator\桌面\work\caijiban\P2IO.SchDoc with Cap from Miscellaneous Devices.IntLib
Replace Part C74 Cap in C:\Documents and Settings\Administrator\桌面\work\caijiban\P2IO.SchDoc with Cap from Miscellaneous Devices.IntLib
Replace Part C75 Cap in C:\Documents and Settings\Administrator\桌面\work\caijiban\P2IO.SchDoc with Cap from Miscellaneous Devices.IntLib
Replace Part C77 Cap in C:\Documents and Settings\Administrator\桌面\work\caijiban\P2IO.SchDoc with Cap from Miscellaneous Devices.IntLib
Replace Part C78 Cap in C:\Documents and Settings\Administrator\桌面\work\caijiban\P2IO.SchDoc with Cap from Miscellaneous Devices.IntLib
Replace Part C79 Cap in C:\Documents and Settings\Administrator\桌面\work\caijiban\P2IO.SchDoc with Cap from Miscellaneous Devices.IntLib
Replace Part C80 Cap in C:\Documents and Settings\Administrator\桌面\work\caijiban\P2IO.SchDoc with Cap from Miscellaneous Devices.IntLib
Replace Part C92 Cap in C:\Documents and Settings\Administrator\桌面\work\caijiban\P2IO.SchDoc with Cap from Miscellaneous Devices.IntLib
Replace Part C110 Cap in C:\Documents and Settings\Administrator\桌面\work\caijiban\P2IO.SchDoc with Cap from Miscellaneous Devices.IntLib
Replace Part C111 Cap in C:\Documents and Settings\Administrator\桌面\work\caijiban\P2IO.SchDoc with Cap from Miscellaneous Devices.IntLib
Replace Part C112 Cap in C:\Documents and Settings\Administrator\桌面\work\caijiban\P2IO.SchDoc with Cap from Miscellaneous Devices.IntLib
Replace Part D15 Diode 1N4007 in C:\Documents and Settings\Administrator\桌面\work\caijiban\P2IO.SchDoc with Diode 1N4007 from Miscellaneous Devices.IntLib
Replace Part D16 Diode 1N4007 in C:\Documents and Settings\Administrator\桌面\work\caijiban\P2IO.SchDoc with Diode 1N4007 from Miscellaneous Devices.IntLib
Replace Part D17 Diode 1N4007 in C:\Documents and Settings\Administrator\桌面\work\caijiban\P2IO.SchDoc with Diode 1N4007 from Miscellaneous Devices.IntLib
Replace Part D18 Diode 1N4007 in C:\Documents and Settings\Administrator\桌面\work\caijiban\P2IO.SchDoc with Diode 1N4007 from Miscellaneous Devices.IntLib
Replace Part D19 Diode 1N4007 in C:\Documents and Settings\Administrator\桌面\work\caijiban\P2IO.SchDoc with Diode 1N4007 from Miscellaneous Devices.IntLib
Replace Part D20 Diode 1N4007 in C:\Documents and Settings\Administrator\桌面\work\caijiban\P2IO.SchDoc with Diode 1N4007 from Miscellaneous Devices.IntLib
Replace Part D21 Diode 1N4007 in C:\Documents and Settings\Administrator\桌面\work\caijiban\P2IO.SchDoc with Diode 1N4007 from Miscellaneous Devices.IntLib
Replace Part D22 Diode 1N4007 in C:\Documents and Settings\Administrator\桌面\work\caijiban\P2IO.SchDoc with Diode 1N4007 from Miscellaneous Devices.IntLib
Replace Part D23 Diode 1N4007 in C:\Documents and Settings\Administrator\桌面\work\caijiban\P2IO.SchDoc with Diode 1N4007 from Miscellaneous Devices.IntLib
Replace Part D24 Diode 1N4007 in C:\Documents and Settings\Administrator\桌面\work\caijiban\P2IO.SchDoc with Diode 1N4007 from Miscellaneous Devices.IntLib
Replace Part D25 Diode 1N4007 in C:\Documents and Settings\Administrator\桌面\work\caijiban\P2IO.SchDoc with Diode 1N4007 from Miscellaneous Devices.IntLib
Replace Part D26 Diode 1N4007 in C:\Documents and Settings\Administrator\桌面\work\caijiban\P2IO.SchDoc with Diode 1N4007 from Miscellaneous Devices.IntLib
Replace Part D27 Diode 1N4007 in C:\Documents and Settings\Administrator\桌面\work\caijiban\P2IO.SchDoc with Diode 1N4007 from Miscellaneous Devices.IntLib
Replace Part D28 Diode 1N4007 in C:\Documents and Settings\Administrator\桌面\work\caijiban\P2IO.SchDoc with Diode 1N4007 from Miscellaneous Devices.IntLib
Replace Part D29 Diode 1N4007 in C:\Documents and Settings\Administrator\桌面\work\caijiban\P2IO.SchDoc with Diode 1N4007 from Miscellaneous Devices.IntLib
Replace Part D30 Diode 1N4007 in C:\Documents and Settings\Administrator\桌面\work\caijiban\P2IO.SchDoc with Diode 1N4007 from Miscellaneous Devices.IntLib
Replace Part D31 Diode 1N4007 in C:\Documents and Settings\Administrator\桌面\work\caijiban\P2IO.SchDoc with Diode 1N4007 from Miscellaneous Devices.IntLib
Replace Part D32 Diode 1N4007 in C:\Documents and Settings\Administrator\桌面\work\caijiban\P2IO.SchDoc with Diode 1N4007 from Miscellaneous Devices.IntLib
Replace Part D33 Diode 1N4007 in C:\Documents and Settings\Administrator\桌面\work\caijiban\P2IO.SchDoc with Diode 1N4007 from Miscellaneous Devices.IntLib
Replace Part D34 Diode 1N4007 in C:\Documents and Settings\Administrator\桌面\work\caijiban\P2IO.SchDoc with Diode 1N4007 from Miscellaneous Devices.IntLib
Replace Part D35 Diode 1N4007 in C:\Documents and Settings\Administrator\桌面\work\caijiban\P2IO.SchDoc with Diode 1N4007 from Miscellaneous Devices.IntLib
Replace Part D36 Diode 1N4007 in C:\Documents and Settings\Administrator\桌面\work\caijiban\P2IO.SchDoc with Diode 1N4007 from Miscellaneous Devices.IntLib
Replace Part D49 Diode 1N4007 in C:\Documents and Settings\Administrator\桌面\work\caijiban\P2IO.SchDoc with Diode 1N4007 from Miscellaneous Devices.IntLib
Replace Part D55 Diode 1N4007 in C:\Documents and Settings\Administrator\桌面\work\caijiban\P2IO.SchDoc with Diode 1N4007 from Miscellaneous Devices.IntLib
Replace Part Q43 PNP in C:\Documents and Settings\Administrator\桌面\work\caijiban\P2IO.SchDoc with PNP from Miscellaneous Devices.IntLib
Replace Part R18 Res2 in C:\Documents and Settings\Administrator\桌面\work\caijiban\P2IO.SchDoc with Res2 from Miscellaneous Devices.IntLib
Replace Part R19 Res2 in C:\Documents and Settings\Administrator\桌面\work\caijiban\P2IO.SchDoc with Res2 from Miscellaneous Devices.IntLib
Replace Part R20 Res2 in C:\Documents and Settings\Administrator\桌面\work\caijiban\P2IO.SchDoc with Res2 from Miscellaneous Devices.IntLib
Replace Part R21 Res2 in C:\Documents and Settings\Administrator\桌面\work\caijiban\P2IO.SchDoc with Res2 from Miscellaneous Devices.IntLib
Replace Part R22 Res2 in C:\Documents and Settings\Administrator\桌面\work\caijiban\P2IO.SchDoc with Res2 from Miscellaneous Devices.IntLib
Replace Part R26 Res2 in C:\Documents and Settings\Administrator\桌面\work\caijiban\P2IO.SchDoc with Res2 from Miscellaneous Devices.IntLib
Replace Part R70 Res2 in C:\Documents and Settings\Administrator\桌面\work\caijiban\P2IO.SchDoc with Res2 from Miscellaneous Devices.IntLib
Replace Part R71 Res2 in C:\Documents and Settings\Administrator\桌面\work\caijiban\P2IO.SchDoc with Res2 from Miscellaneous Devices.IntLib
Replace Part R72 Res2 in C:\Documents and Settings\Administrator\桌面\work\caijiban\P2IO.SchDoc with Res2 from Miscellaneous Devices.IntLib
Replace Part R73 Res2 in C:\Documents and Settings\Administrator\桌面\work\caijiban\P2IO.SchDoc with Res2 from Miscellaneous Devices.IntLib
Replace Part R74 Res2 in C:\Documents and Settings\Administrator\桌面\work\caijiban\P2IO.SchDoc with Res2 from Miscellaneous Devices.IntLib
Replace Part R75 Res2 in C:\Documents and Settings\Administrator\桌面\work\caijiban\P2IO.SchDoc with Res2 from Miscellaneous Devices.IntLib
Replace Part R76 Res2 in C:\Documents and Settings\Administrator\桌面\work\caijiban\P2IO.SchDoc with Res2 from Miscellaneous Devices.IntLib
Replace Part R77 Res2 in C:\Documents and Settings\Administrator\桌面\work\caijiban\P2IO.SchDoc with Res2 from Miscellaneous Devices.IntLib
Replace Part R78 Res2 in C:\Documents and Settings\Administrator\桌面\work\caijiban\P2IO.SchDoc with Res2 from Miscellaneous Devices.IntLib
Replace Part R79 Res2 in C:\Documents and Settings\Administrator\桌面\work\caijiban\P2IO.SchDoc with Res2 from Miscellaneous Devices.IntLib
Replace Part R80 Res2 in C:\Documents and Settings\Administrator\桌面\work\caijiban\P2IO.SchDoc with Res2 from Miscellaneous Devices.IntLib
Replace Part R81 Res2 in C:\Documents and Settings\Administrator\桌面\work\caijiban\P2IO.SchDoc with Res2 from Miscellaneous Devices.IntLib
Replace Part R82 Res2 in C:\Documents and Settings\Administrator\桌面\work\caijiban\P2IO.SchDoc with Res2 from Miscellaneous Devices.IntLib
Replace Part R83 Res2 in C:\Documents and Settings\Administrator\桌面\work\caijiban\P2IO.SchDoc with Res2 from Miscellaneous Devices.IntLib
Replace Part R84 Res2 in C:\Documents and Settings\Administrator\桌面\work\caijiban\P2IO.SchDoc with Res2 from Miscellaneous Devices.IntLib
Replace Part R85 Res2 in C:\Documents and Settings\Administrator\桌面\work\caijiban\P2IO.SchDoc with Res2 from Miscellaneous Devices.IntLib
Replace Part R86 Res2 in C:\Documents and Settings\Administrator\桌面\work\caijiban\P2IO.SchDoc with Res2 from Miscellaneous Devices.IntLib
Replace Part R87 Res2 in C:\Documents and Settings\Administrator\桌面\work\caijiban\P2IO.SchDoc with Res2 from Miscellaneous Devices.IntLib
Replace Part R88 Res2 in C:\Documents and Settings\Administrator\桌面\work\caijiban\P2IO.SchDoc with Res2 from Miscellaneous Devices.IntLib
Replace Part R89 Res2 in C:\Documents and Settings\Administrator\桌面\work\caijiban\P2IO.SchDoc with Res2 from Miscellaneous Devices.IntLib
Replace Part R90 Res2 in C:\Documents and Settings\Administrator\桌面\work\caijiban\P2IO.SchDoc with Res2 from Miscellaneous Devices.IntLib
Replace Part R91 Res2 in C:\Documents and Settings\Administrator\桌面\work\caijiban\P2IO.SchDoc with Res2 from Miscellaneous Devices.IntLib
Replace Part R92 Res2 in C:\Documents and Settings\Administrator\桌面\work\caijiban\P2IO.SchDoc with Res2 from Miscellaneous Devices.IntLib
Replace Part R93 Res2 in C:\Documents and Settings\Administrator\桌面\work\caijiban\P2IO.SchDoc with Res2 from Miscellaneous Devices.IntLib
Replace Part R94 Res2 in C:\Documents and Settings\Administrator\桌面\work\caijiban\P2IO.SchDoc with Res2 from Miscellaneous Devices.IntLib
Replace Part R95 Res2 in C:\Documents and Settings\Administrator\桌面\work\caijiban\P2IO.SchDoc with Res2 from Miscellaneous Devices.IntLib
Replace Part R96 Res2 in C:\Documents and Settings\Administrator\桌面\work\caijiban\P2IO.SchDoc with Res2 from Miscellaneous Devices.IntLib
Replace Part R97 Res2 in C:\Documents and Settings\Administrator\桌面\work\caijiban\P2IO.SchDoc with Res2 from Miscellaneous Devices.IntLib
Replace Part R98 Res2 in C:\Documents and Settings\Administrator\桌面\work\caijiban\P2IO.SchDoc with Res2 from Miscellaneous Devices.IntLib
Replace Part R99 Res2 in C:\Documents and Settings\Administrator\桌面\work\caijiban\P2IO.SchDoc with Res2 from Miscellaneous Devices.IntLib
Replace Part R100 Res2 in C:\Documents and Settings\Administrator\桌面\work\caijiban\P2IO.SchDoc with Res2 from Miscellaneous Devices.IntLib
Replace Part R101 Res2 in C:\Documents and Settings\Administrator\桌面\work\caijiban\P2IO.SchDoc with Res2 from Miscellaneous Devices.IntLib
Replace Part R102 Res2 in C:\Documents and Settings\Administrator\桌面\work\caijiban\P2IO.SchDoc with Res2 from Miscellaneous Devices.IntLib
Replace Part R103 Res2 in C:\Documents and Settings\Administrator\桌面\work\caijiban\P2IO.SchDoc with Res2 from Miscellaneous Devices.IntLib
Replace Part R104 Res2 in C:\Documents and Settings\Administrator\桌面\work\caijiban\P2IO.SchDoc with Res2 from Miscellaneous Devices.IntLib
Replace Part R105 Res2 in C:\Documents and Settings\Administrator\桌面\work\caijiban\P2IO.SchDoc with Res2 from Miscellaneous Devices.IntLib
Replace Part R106 Res2 in C:\Documents and Settings\Administrator\桌面\work\caijiban\P2IO.SchDoc with Res2 from Miscellaneous Devices.IntLib
Replace Part R107 Res2 in C:\Documents and Settings\Administrator\桌面\work\caijiban\P2IO.SchDoc with Res2 from Miscellaneous Devices.IntLib
Replace Part R108 Res2 in C:\Documents and Settings\Administrator\桌面\work\caijiban\P2IO.SchDoc with Res2 from Miscellaneous Devices.IntLib
Replace Part R109 Res2 in C:\Documents and Settings\Administrator\桌面\work\caijiban\P2IO.SchDoc with Res2 from Miscellaneous Devices.IntLib
Replace Part R110 Res2 in C:\Documents and Settings\Administrator\桌面\work\caijiban\P2IO.SchDoc with Res2 from Miscellaneous Devices.IntLib
Replace Part R111 Res2 in C:\Documents and Settings\Administrator\桌面\work\caijiban\P2IO.SchDoc with Res2 from Miscellaneous Devices.IntLib
Replace Part R112 Res2 in C:\Documents and Settings\Administrator\桌面\work\caijiban\P2IO.SchDoc with Res2 from Miscellaneous Devices.IntLib
Replace Part R113 Res2 in C:\Documents and Settings\Administrator\桌面\work\caijiban\P2IO.SchDoc with Res2 from Miscellaneous Devices.IntLib
Replace Part R114 Res2 in C:\Documents and Settings\Administrator\桌面\work\caijiban\P2IO.SchDoc with Res2 from Miscellaneous Devices.IntLib
Replace Part R115 Res2 in C:\Documents and Settings\Administrator\桌面\work\caijiban\P2IO.SchDoc with Res2 from Miscellaneous Devices.IntLib
Replace Part R116 Res2 in C:\Documents and Settings\Administrator\桌面\work\caijiban\P2IO.SchDoc with Res2 from Miscellaneous Devices.IntLib
Replace Part R117 Res2 in C:\Documents and Settings\Administrator\桌面\work\caijiban\P2IO.SchDoc with Res2 from Miscellaneous Devices.IntLib
Replace Part R118 Res2 in C:\Documents and Settings\Administrator\桌面\work\caijiban\P2IO.SchDoc with Res2 from Miscellaneous Devices.IntLib
Replace Part R120 Res2 in C:\Documents and Settings\Administrator\桌面\work\caijiban\P2IO.SchDoc with Res2 from Miscellaneous Devices.IntLib
Replace Part R121 Res2 in C:\Documents and Settings\Administrator\桌面\work\caijiban\P2IO.SchDoc with Res2 from Miscellaneous Devices.IntLib
Replace Part R124 Res2 in C:\Documents and Settings\Administrator\桌面\work\caijiban\P2IO.SchDoc with Res2 from Miscellaneous Devices.IntLib
Replace Part R125 Res2 in C:\Documents and Settings\Administrator\桌面\work\caijiban\P2IO.SchDoc with Res2 from Miscellaneous Devices.IntLib
Replace Part R126 Res2 in C:\Documents and Settings\Administrator\桌面\work\caijiban\P2IO.SchDoc with Res2 from Miscellaneous Devices.IntLib
Replace Part R127 Res2 in C:\Documents and Settings\Administrator\桌面\work\caijiban\P2IO.SchDoc with Res2 from Miscellaneous Devices.IntLib
Replace Part R128 Res2 in C:\Documents and Settings\Administrator\桌面\work\caijiban\P2IO.SchDoc with Res2 from Miscellaneous Devices.IntLib
Replace Part R129 Res2 in C:\Documents and Settings\Administrator\桌面\work\caijiban\P2IO.SchDoc with Res2 from Miscellaneous Devices.IntLib
Replace Part R130 Res2 in C:\Documents and Settings\Administrator\桌面\work\caijiban\P2IO.SchDoc with Res2 from Miscellaneous Devices.IntLib
Replace Part R131 Res2 in C:\Documents and Settings\Administrator\桌面\work\caijiban\P2IO.SchDoc with Res2 from Miscellaneous Devices.IntLib
Replace Part R132 Res2 in C:\Documents and Settings\Administrator\桌面\work\caijiban\P2IO.SchDoc with Res2 from Miscellaneous Devices.IntLib
Replace Part R160 Res2 in C:\Documents and Settings\Administrator\桌面\work\caijiban\P2IO.SchDoc with Res2 from Miscellaneous Devices.IntLib
Replace Part R161 Res2 in C:\Documents and Settings\Administrator\桌面\work\caijiban\P2IO.SchDoc with Res2 from Miscellaneous Devices.IntLib
Replace Part U4 Component_1 in C:\Documents and Settings\Administrator\桌面\work\caijiban\P2IO.SchDoc with Component_1 from MAX232.SchLib
Replace Part U12 Component_1 in C:\Documents and Settings\Administrator\桌面\work\caijiban\P2IO.SchDoc with Component_1 from 74HCT165D.SchLib
Replace Part U13 Component_1 in C:\Documents and Settings\Administrator\桌面\work\caijiban\P2IO.SchDoc with Component_1 from 74HCT165D.SchLib
Replace Part U14 Component_1 in C:\Documents and Settings\Administrator\桌面\work\caijiban\P2IO.SchDoc with Component_1 from 74HCT165D.SchLib
