Removed Parameter Visible:ture from Part C30
Removed Parameter Visible:ture from Part C39
Removed Parameter Visible:ture from Part C43
Removed Parameter Visible:ture from Part C44
Removed Parameter Visible:ture from Part C53
Removed Parameter Visible:ture from Part C55
Removed Parameter Visible:ture from Part C82
Removed Parameter Visible:ture from Part C83
Removed Parameter Visible:ture from Part C84
Removed Parameter Visible:ture from Part C85
Removed Parameter Visible:ture from Part C87
Removed Parameter Visible:ture from Part C88
Removed Parameter Visible:ture from Part C89
Removed Parameter Visible:ture from Part C90
Removed Parameter Visible:ture from Part C93
Removed Parameter Visible:ture from Part C94
Removed Parameter Visible:ture from Part C95
Removed Parameter Visible:ture from Part C102
Removed Parameter Visible:ture from Part C103
Removed Parameter Visible:ture from Part C104
Removed Parameter Visible:ture from Part C113
Removed Parameter Visible:ture from Part C117
Removed Parameter Visible:ture from Part C119
Removed Parameter Visible:ture from Part C120
Removed Parameter Visible:ture from Part C121
Removed Parameter Visible:ture from Part C250
Removed Parameter Visible:ture from Part C251
Removed Parameter Visible:ture from Part C252
Removed Parameter Visible:ture from Part C253
Removed Parameter Visible:ture from Part C254
Removed Parameter Visible:ture from Part C255
Removed Parameter Visible:ture from Part C256
Removed Parameter Visible:ture from Part C257
Removed Parameter Visible:ture from Part C258
Removed Parameter Visible:ture from Part C259
Removed Parameter Visible:ture from Part CE1
Removed Parameter Visible:ture from Part CE3
Removed Parameter Visible:ture from Part D38
Removed Parameter Visible:ture from Part D39
Removed Parameter Visible:ture from Part D40
Removed Parameter Visible:ture from Part D41
Removed Parameter Visible:ture from Part D46
Removed Parameter Visible:ture from Part D47
Removed Parameter Visible:ture from Part D48
Removed Parameter Visible:ture from Part KF1
Removed Parameter Visible:ture from Part L4
Removed Parameter Visible:ture from Part L5
Removed Parameter Visible:ture from Part L6
Removed Parameter Visible:ture from Part L7
Removed Parameter Visible:ture from Part U16
Removed Parameter Visible:ture from Part U21
Removed Parameter Visible:ture from Part U22
