Added Parameter Visible=ture to Part C30
Added Parameter Visible=ture to Part C39
Added Parameter Visible=ture to Part C43
Added Parameter Visible=ture to Part C44
Added Parameter Visible=ture to Part C53
Added Parameter Visible=ture to Part C55
Added Parameter Visible=ture to Part C82
Added Parameter Visible=ture to Part C83
Added Parameter Visible=ture to Part C84
Added Parameter Visible=ture to Part C85
Added Parameter Visible=ture to Part C87
Added Parameter Visible=ture to Part C88
Added Parameter Visible=ture to Part C89
Added Parameter Visible=ture to Part C90
Added Parameter Visible=ture to Part C93
Added Parameter Visible=ture to Part C94
Added Parameter Visible=ture to Part C95
Added Parameter Visible=ture to Part C102
Added Parameter Visible=ture to Part C103
Added Parameter Visible=ture to Part C104
Added Parameter Visible=ture to Part C113
Added Parameter Visible=ture to Part C117
Added Parameter Visible=ture to Part C119
Added Parameter Visible=ture to Part C120
Added Parameter Visible=ture to Part C121
Added Parameter Visible=ture to Part C250
Added Parameter Visible=ture to Part C251
Added Parameter Visible=ture to Part C252
Added Parameter Visible=ture to Part C253
Added Parameter Visible=ture to Part C254
Added Parameter Visible=ture to Part C255
Added Parameter Visible=ture to Part C256
Added Parameter Visible=ture to Part C257
Added Parameter Visible=ture to Part C258
Added Parameter Visible=ture to Part C259
Added Parameter Visible=ture to Part CE1
Added Parameter Visible=ture to Part CE3
Added Parameter Visible=ture to Part D38
Added Parameter Visible=ture to Part D39
Added Parameter Visible=ture to Part D40
Added Parameter Visible=ture to Part D41
Added Parameter Visible=ture to Part D46
Added Parameter Visible=ture to Part D47
Added Parameter Visible=ture to Part D48
Added Parameter Visible=ture to Part KF1
Added Parameter Visible=ture to Part L4
Added Parameter Visible=ture to Part L5
Added Parameter Visible=ture to Part L6
Added Parameter Visible=ture to Part L7
Added Parameter Visible=ture to Part U16
Added Parameter Visible=ture to Part U21
Added Parameter Visible=ture to Part U22
