Replace Part C30 Cap in C:\Documents and Settings\Administrator\桌面\work\caijiban\Power.SchDoc with Cap from Miscellaneous Devices.IntLib
Replace Part C39 Cap in C:\Documents and Settings\Administrator\桌面\work\caijiban\Power.SchDoc with Cap from Miscellaneous Devices.IntLib
Replace Part C43 Cap in C:\Documents and Settings\Administrator\桌面\work\caijiban\Power.SchDoc with Cap from Miscellaneous Devices.IntLib
Replace Part C44 Cap in C:\Documents and Settings\Administrator\桌面\work\caijiban\Power.SchDoc with Cap from Miscellaneous Devices.IntLib
Replace Part C53 Cap2 in C:\Documents and Settings\Administrator\桌面\work\caijiban\Power.SchDoc with Cap2 from Miscellaneous Devices.IntLib
Replace Part C55 Cap in C:\Documents and Settings\Administrator\桌面\work\caijiban\Power.SchDoc with Cap from Miscellaneous Devices.IntLib
Replace Part C82 Cap in C:\Documents and Settings\Administrator\桌面\work\caijiban\Power.SchDoc with Cap from Miscellaneous Devices.IntLib
Replace Part C83 Cap2 in C:\Documents and Settings\Administrator\桌面\work\caijiban\Power.SchDoc with Cap2 from Miscellaneous Devices.IntLib
Replace Part C84 Cap in C:\Documents and Settings\Administrator\桌面\work\caijiban\Power.SchDoc with Cap from Miscellaneous Devices.IntLib
Replace Part C85 Cap2 in C:\Documents and Settings\Administrator\桌面\work\caijiban\Power.SchDoc with Cap2 from Miscellaneous Devices.IntLib
Replace Part C87 Cap in C:\Documents and Settings\Administrator\桌面\work\caijiban\Power.SchDoc with Cap from Miscellaneous Devices.IntLib
Replace Part C88 Cap in C:\Documents and Settings\Administrator\桌面\work\caijiban\Power.SchDoc with Cap from Miscellaneous Devices.IntLib
Replace Part C89 Cap2 in C:\Documents and Settings\Administrator\桌面\work\caijiban\Power.SchDoc with Cap2 from Miscellaneous Devices.IntLib
Replace Part C90 Cap in C:\Documents and Settings\Administrator\桌面\work\caijiban\Power.SchDoc with Cap from Miscellaneous Devices.IntLib
Replace Part C93 Cap in C:\Documents and Settings\Administrator\桌面\work\caijiban\Power.SchDoc with Cap from Miscellaneous Devices.IntLib
Replace Part C94 Cap in C:\Documents and Settings\Administrator\桌面\work\caijiban\Power.SchDoc with Cap from Miscellaneous Devices.IntLib
Replace Part C95 Cap in C:\Documents and Settings\Administrator\桌面\work\caijiban\Power.SchDoc with Cap from Miscellaneous Devices.IntLib
Replace Part C102 Cap in C:\Documents and Settings\Administrator\桌面\work\caijiban\Power.SchDoc with Cap from Miscellaneous Devices.IntLib
Replace Part C103 Cap in C:\Documents and Settings\Administrator\桌面\work\caijiban\Power.SchDoc with Cap from Miscellaneous Devices.IntLib
Replace Part C104 Cap in C:\Documents and Settings\Administrator\桌面\work\caijiban\Power.SchDoc with Cap from Miscellaneous Devices.IntLib
Replace Part C113 Cap in C:\Documents and Settings\Administrator\桌面\work\caijiban\Power.SchDoc with Cap from Miscellaneous Devices.IntLib
Replace Part C117 Cap in C:\Documents and Settings\Administrator\桌面\work\caijiban\Power.SchDoc with Cap from Miscellaneous Devices.IntLib
Replace Part C119 Cap in C:\Documents and Settings\Administrator\桌面\work\caijiban\Power.SchDoc with Cap from Miscellaneous Devices.IntLib
Replace Part C120 Cap in C:\Documents and Settings\Administrator\桌面\work\caijiban\Power.SchDoc with Cap from Miscellaneous Devices.IntLib
Replace Part C121 Cap in C:\Documents and Settings\Administrator\桌面\work\caijiban\Power.SchDoc with Cap from Miscellaneous Devices.IntLib
Replace Part C250 Cap2 in C:\Documents and Settings\Administrator\桌面\work\caijiban\Power.SchDoc with Cap2 from Miscellaneous Devices.IntLib
Replace Part C251 Cap2 in C:\Documents and Settings\Administrator\桌面\work\caijiban\Power.SchDoc with Cap2 from Miscellaneous Devices.IntLib
Replace Part C252 Cap in C:\Documents and Settings\Administrator\桌面\work\caijiban\Power.SchDoc with Cap from Miscellaneous Devices.IntLib
Replace Part C253 Cap in C:\Documents and Settings\Administrator\桌面\work\caijiban\Power.SchDoc with Cap from Miscellaneous Devices.IntLib
Replace Part C254 Cap in C:\Documents and Settings\Administrator\桌面\work\caijiban\Power.SchDoc with Cap from Miscellaneous Devices.IntLib
Replace Part C255 Cap in C:\Documents and Settings\Administrator\桌面\work\caijiban\Power.SchDoc with Cap from Miscellaneous Devices.IntLib
Replace Part C256 Cap in C:\Documents and Settings\Administrator\桌面\work\caijiban\Power.SchDoc with Cap from Miscellaneous Devices.IntLib
Replace Part C257 Cap in C:\Documents and Settings\Administrator\桌面\work\caijiban\Power.SchDoc with Cap from Miscellaneous Devices.IntLib
Replace Part C258 Cap in C:\Documents and Settings\Administrator\桌面\work\caijiban\Power.SchDoc with Cap from Miscellaneous Devices.IntLib
Replace Part C259 Cap in C:\Documents and Settings\Administrator\桌面\work\caijiban\Power.SchDoc with Cap from Miscellaneous Devices.IntLib
Replace Part CE1 Cap2 in C:\Documents and Settings\Administrator\桌面\work\caijiban\Power.SchDoc with Cap2 from Miscellaneous Devices.IntLib
Replace Part CE3 Cap2 in C:\Documents and Settings\Administrator\桌面\work\caijiban\Power.SchDoc with Cap2 from Miscellaneous Devices.IntLib
Replace Part D38 Diode 1N4007 in C:\Documents and Settings\Administrator\桌面\work\caijiban\Power.SchDoc with Diode 1N4007 from Miscellaneous Devices.IntLib
Replace Part D39 Diode in C:\Documents and Settings\Administrator\桌面\work\caijiban\Power.SchDoc with Diode from Miscellaneous Devices.IntLib
Replace Part D40 Diode in C:\Documents and Settings\Administrator\桌面\work\caijiban\Power.SchDoc with Diode from Miscellaneous Devices.IntLib
Replace Part D41 Diode 1N4007 in C:\Documents and Settings\Administrator\桌面\work\caijiban\Power.SchDoc with Diode 1N4007 from Miscellaneous Devices.IntLib
Replace Part D46 Diode in C:\Documents and Settings\Administrator\桌面\work\caijiban\Power.SchDoc with Diode from Miscellaneous Devices.IntLib
Replace Part D47 Diode 1N4007 in C:\Documents and Settings\Administrator\桌面\work\caijiban\Power.SchDoc with Diode 1N4007 from Miscellaneous Devices.IntLib
Replace Part D48 D Schottky in C:\Documents and Settings\Administrator\桌面\work\caijiban\Power.SchDoc with D Schottky from Miscellaneous Devices.IntLib
Replace Part KF1 Fuse 2 in C:\Documents and Settings\Administrator\桌面\work\caijiban\Power.SchDoc with Fuse 2 from Miscellaneous Devices.IntLib
Replace Part L4 Inductor in C:\Documents and Settings\Administrator\桌面\work\caijiban\Power.SchDoc with Inductor from Miscellaneous Devices.IntLib
Replace Part L5 Inductor in C:\Documents and Settings\Administrator\桌面\work\caijiban\Power.SchDoc with Inductor from Miscellaneous Devices.IntLib
Replace Part L6 LW4 in C:\Documents and Settings\Administrator\桌面\work\caijiban\Power.SchDoc with LW4 from L4.SchLib
Replace Part L7 Inductor in C:\Documents and Settings\Administrator\桌面\work\caijiban\Power.SchDoc with Inductor from Miscellaneous Devices.IntLib
Replace Part U16 LM2596S-5.0 in C:\Documents and Settings\Administrator\桌面\work\caijiban\Power.SchDoc with LM2596S-5.0 from LM2596S-5.0.SchLib
Replace Part U21 Component_1 in C:\Documents and Settings\Administrator\桌面\work\caijiban\Power.SchDoc with Component_1 from AMS1117-3.3.SchLib
Replace Part U22 WRA2415ZP-3W in C:\Documents and Settings\Administrator\桌面\work\caijiban\Power.SchDoc with WRA2415ZP-3W from war2415zp3wr.SchLib
