Replace Part C24 Cap in C:\Documents and Settings\Administrator\桌面\work\caijiban\STM32.SchDoc with Cap from Miscellaneous Devices.IntLib
Replace Part C25 Cap in C:\Documents and Settings\Administrator\桌面\work\caijiban\STM32.SchDoc with Cap from Miscellaneous Devices.IntLib
Replace Part C26 Cap in C:\Documents and Settings\Administrator\桌面\work\caijiban\STM32.SchDoc with Cap from Miscellaneous Devices.IntLib
Replace Part C27 Cap in C:\Documents and Settings\Administrator\桌面\work\caijiban\STM32.SchDoc with Cap from Miscellaneous Devices.IntLib
Replace Part C28 Cap in C:\Documents and Settings\Administrator\桌面\work\caijiban\STM32.SchDoc with Cap from Miscellaneous Devices.IntLib
Replace Part C29 Cap in C:\Documents and Settings\Administrator\桌面\work\caijiban\STM32.SchDoc with Cap from Miscellaneous Devices.IntLib
Replace Part C32 Cap in C:\Documents and Settings\Administrator\桌面\work\caijiban\STM32.SchDoc with Cap from Miscellaneous Devices.IntLib
Replace Part C34 Cap in C:\Documents and Settings\Administrator\桌面\work\caijiban\STM32.SchDoc with Cap from Miscellaneous Devices.IntLib
Replace Part C36 Cap in C:\Documents and Settings\Administrator\桌面\work\caijiban\STM32.SchDoc with Cap from Miscellaneous Devices.IntLib
Replace Part C37 Cap in C:\Documents and Settings\Administrator\桌面\work\caijiban\STM32.SchDoc with Cap from Miscellaneous Devices.IntLib
Replace Part C38 Cap in C:\Documents and Settings\Administrator\桌面\work\caijiban\STM32.SchDoc with Cap from Miscellaneous Devices.IntLib
Replace Part C40 Cap in C:\Documents and Settings\Administrator\桌面\work\caijiban\STM32.SchDoc with Cap from Miscellaneous Devices.IntLib
Replace Part C41 Cap in C:\Documents and Settings\Administrator\桌面\work\caijiban\STM32.SchDoc with Cap from Miscellaneous Devices.IntLib
Replace Part C42 Cap in C:\Documents and Settings\Administrator\桌面\work\caijiban\STM32.SchDoc with Cap from Miscellaneous Devices.IntLib
Replace Part C45 Cap in C:\Documents and Settings\Administrator\桌面\work\caijiban\STM32.SchDoc with Cap from Miscellaneous Devices.IntLib
Replace Part C86 Cap in C:\Documents and Settings\Administrator\桌面\work\caijiban\STM32.SchDoc with Cap from Miscellaneous Devices.IntLib
Replace Part C97 Cap in C:\Documents and Settings\Administrator\桌面\work\caijiban\STM32.SchDoc with Cap from Miscellaneous Devices.IntLib
Replace Part C177 Cap in C:\Documents and Settings\Administrator\桌面\work\caijiban\STM32.SchDoc with Cap from Miscellaneous Devices.IntLib
Replace Part D2 Diode 1N4001 in C:\Documents and Settings\Administrator\桌面\work\caijiban\STM32.SchDoc with Diode 1N4001 from Miscellaneous Devices.IntLib
Replace Part D50 Diode 1N4001 in C:\Documents and Settings\Administrator\桌面\work\caijiban\STM32.SchDoc with Diode 1N4001 from Miscellaneous Devices.IntLib
Replace Part D53 Diode 1N4001 in C:\Documents and Settings\Administrator\桌面\work\caijiban\STM32.SchDoc with Diode 1N4001 from Miscellaneous Devices.IntLib
Replace Part D54 Diode 1N4001 in C:\Documents and Settings\Administrator\桌面\work\caijiban\STM32.SchDoc with Diode 1N4001 from Miscellaneous Devices.IntLib
Replace Part E1 Component_1 in C:\Documents and Settings\Administrator\桌面\work\caijiban\STM32.SchDoc with Component_1 from 大电容.SchLib
Replace Part E2 Component_1 in C:\Documents and Settings\Administrator\桌面\work\caijiban\STM32.SchDoc with Component_1 from 纽扣电池.SchLib
Replace Part J2 Component_1 in C:\Documents and Settings\Administrator\桌面\work\caijiban\STM32.SchDoc with Component_1 from J2.SchLib
Replace Part L1 Inductor in C:\Documents and Settings\Administrator\桌面\work\caijiban\STM32.SchDoc with Inductor from Miscellaneous Devices.IntLib
Replace Part R10 Res2 in C:\Documents and Settings\Administrator\桌面\work\caijiban\STM32.SchDoc with Res2 from Miscellaneous Devices.IntLib
Replace Part R23 Res2 in C:\Documents and Settings\Administrator\桌面\work\caijiban\STM32.SchDoc with Res2 from Miscellaneous Devices.IntLib
Replace Part R24 Res2 in C:\Documents and Settings\Administrator\桌面\work\caijiban\STM32.SchDoc with Res2 from Miscellaneous Devices.IntLib
Replace Part R25 Res2 in C:\Documents and Settings\Administrator\桌面\work\caijiban\STM32.SchDoc with Res2 from Miscellaneous Devices.IntLib
Replace Part R27 Res2 in C:\Documents and Settings\Administrator\桌面\work\caijiban\STM32.SchDoc with Res2 from Miscellaneous Devices.IntLib
Replace Part R28 Res2 in C:\Documents and Settings\Administrator\桌面\work\caijiban\STM32.SchDoc with Res2 from Miscellaneous Devices.IntLib
Replace Part R56 Res2 in C:\Documents and Settings\Administrator\桌面\work\caijiban\STM32.SchDoc with Res2 from Miscellaneous Devices.IntLib
Replace Part R64 Res2 in C:\Documents and Settings\Administrator\桌面\work\caijiban\STM32.SchDoc with Res2 from Miscellaneous Devices.IntLib
Replace Part R119 Res2 in C:\Documents and Settings\Administrator\桌面\work\caijiban\STM32.SchDoc with Res2 from Miscellaneous Devices.IntLib
Replace Part R122 Res2 in C:\Documents and Settings\Administrator\桌面\work\caijiban\STM32.SchDoc with Res2 from Miscellaneous Devices.IntLib
Replace Part R162 Res2 in C:\Documents and Settings\Administrator\桌面\work\caijiban\STM32.SchDoc with Res2 from Miscellaneous Devices.IntLib
Replace Part R163 Res2 in C:\Documents and Settings\Administrator\桌面\work\caijiban\STM32.SchDoc with Res2 from Miscellaneous Devices.IntLib
Replace Part R164 Res2 in C:\Documents and Settings\Administrator\桌面\work\caijiban\STM32.SchDoc with Res2 from Miscellaneous Devices.IntLib
Replace Part R165 Res2 in C:\Documents and Settings\Administrator\桌面\work\caijiban\STM32.SchDoc with Res2 from Miscellaneous Devices.IntLib
Replace Part R168 Res2 in C:\Documents and Settings\Administrator\桌面\work\caijiban\STM32.SchDoc with Res2 from Miscellaneous Devices.IntLib
Replace Part U5 Component_1 in C:\Documents and Settings\Administrator\桌面\work\caijiban\STM32.SchDoc with Component_1 from STM32F103RCT6.SchLib
Replace Part U17 Component_1 in C:\Documents and Settings\Administrator\桌面\work\caijiban\STM32.SchDoc with Component_1 from DS1302Z.SchLib
Replace Part U23 Component_1 in C:\Documents and Settings\Administrator\桌面\work\caijiban\STM32.SchDoc with Component_1 from FM25CL64B.SchLib
Replace Part X1 XTAL in C:\Documents and Settings\Administrator\桌面\work\caijiban\STM32.SchDoc with XTAL from Miscellaneous Devices.IntLib
Replace Part X2 Component_1 in C:\Documents and Settings\Administrator\桌面\work\caijiban\STM32.SchDoc with Component_1 from 4PINXT.SchLib
