Removed Parameter Visible:ture from Part C24
Removed Parameter Visible:ture from Part C25
Removed Parameter Visible:ture from Part C26
Removed Parameter Visible:ture from Part C27
Removed Parameter Visible:ture from Part C28
Removed Parameter Visible:ture from Part C29
Removed Parameter Visible:ture from Part C32
Removed Parameter Visible:ture from Part C34
Removed Parameter Visible:ture from Part C36
Removed Parameter Visible:ture from Part C37
Removed Parameter Visible:ture from Part C38
Removed Parameter Visible:ture from Part C40
Removed Parameter Visible:ture from Part C41
Removed Parameter Visible:ture from Part C42
Removed Parameter Visible:ture from Part C45
Removed Parameter Visible:ture from Part C86
Removed Parameter Visible:ture from Part C97
Removed Parameter Visible:ture from Part C177
Removed Parameter Visible:ture from Part D2
Removed Parameter Visible:ture from Part D50
Removed Parameter Visible:ture from Part D53
Removed Parameter Visible:ture from Part D54
Removed Parameter Visible:ture from Part E1
Removed Parameter Visible:ture from Part E2
Removed Parameter Visible:ture from Part J2
Removed Parameter Visible:ture from Part L1
Removed Parameter Visible:ture from Part R10
Removed Parameter Visible:ture from Part R23
Removed Parameter Visible:ture from Part R24
Removed Parameter Visible:ture from Part R25
Removed Parameter Visible:ture from Part R27
Removed Parameter Visible:ture from Part R28
Removed Parameter Visible:ture from Part R56
Removed Parameter Visible:ture from Part R64
Removed Parameter Visible:ture from Part R119
Removed Parameter Visible:ture from Part R122
Removed Parameter Visible:ture from Part R162
Removed Parameter Visible:ture from Part R163
Removed Parameter Visible:ture from Part R164
Removed Parameter Visible:ture from Part R165
Removed Parameter Visible:ture from Part R168
Removed Parameter Visible:ture from Part U5
Removed Parameter Visible:ture from Part U17
Removed Parameter Visible:ture from Part U23
Removed Parameter Visible:ture from Part X1
Removed Parameter Visible:ture from Part X2
