Added Parameter Visible=ture to Part C24
Added Parameter Visible=ture to Part C25
Added Parameter Visible=ture to Part C26
Added Parameter Visible=ture to Part C27
Added Parameter Visible=ture to Part C28
Added Parameter Visible=ture to Part C29
Added Parameter Visible=ture to Part C32
Added Parameter Visible=ture to Part C34
Added Parameter Visible=ture to Part C36
Added Parameter Visible=ture to Part C37
Added Parameter Visible=ture to Part C38
Added Parameter Visible=ture to Part C40
Added Parameter Visible=ture to Part C41
Added Parameter Visible=ture to Part C42
Added Parameter Visible=ture to Part C45
Added Parameter Visible=ture to Part C86
Added Parameter Visible=ture to Part C97
Added Parameter Visible=ture to Part C177
Added Parameter Visible=ture to Part D2
Added Parameter Visible=ture to Part D50
Added Parameter Visible=ture to Part D53
Added Parameter Visible=ture to Part D54
Added Parameter Visible=ture to Part E1
Added Parameter Visible=ture to Part E2
Added Parameter Visible=ture to Part J2
Added Parameter Visible=ture to Part L1
Added Parameter Visible=ture to Part R10
Added Parameter Visible=ture to Part R23
Added Parameter Visible=ture to Part R24
Added Parameter Visible=ture to Part R25
Added Parameter Visible=ture to Part R27
Added Parameter Visible=ture to Part R28
Added Parameter Visible=ture to Part R56
Added Parameter Visible=ture to Part R64
Added Parameter Visible=ture to Part R119
Added Parameter Visible=ture to Part R122
Added Parameter Visible=ture to Part R162
Added Parameter Visible=ture to Part R163
Added Parameter Visible=ture to Part R164
Added Parameter Visible=ture to Part R165
Added Parameter Visible=ture to Part R168
Added Parameter Visible=ture to Part U5
Added Parameter Visible=ture to Part U17
Added Parameter Visible=ture to Part U23
Added Parameter Visible=ture to Part X1
Added Parameter Visible=ture to Part X2
