Replace Part C76 Cap in C:\Documents and Settings\Administrator\桌面\work\caijiban\输出运算放大器（5）.SchDoc with Cap from Miscellaneous Devices.IntLib
Replace Part C81 Cap in C:\Documents and Settings\Administrator\桌面\work\caijiban\输出运算放大器（5）.SchDoc with Cap from Miscellaneous Devices.IntLib
Replace Part C210 Cap in C:\Documents and Settings\Administrator\桌面\work\caijiban\输出运算放大器（5）.SchDoc with Cap from Miscellaneous Devices.IntLib
Replace Part C211 Cap in C:\Documents and Settings\Administrator\桌面\work\caijiban\输出运算放大器（5）.SchDoc with Cap from Miscellaneous Devices.IntLib
Replace Part C212 Cap in C:\Documents and Settings\Administrator\桌面\work\caijiban\输出运算放大器（5）.SchDoc with Cap from Miscellaneous Devices.IntLib
Replace Part C213 Cap in C:\Documents and Settings\Administrator\桌面\work\caijiban\输出运算放大器（5）.SchDoc with Cap from Miscellaneous Devices.IntLib
Replace Part C214 Cap in C:\Documents and Settings\Administrator\桌面\work\caijiban\输出运算放大器（5）.SchDoc with Cap from Miscellaneous Devices.IntLib
Replace Part C215 Cap in C:\Documents and Settings\Administrator\桌面\work\caijiban\输出运算放大器（5）.SchDoc with Cap from Miscellaneous Devices.IntLib
Replace Part C216 Cap in C:\Documents and Settings\Administrator\桌面\work\caijiban\输出运算放大器（5）.SchDoc with Cap from Miscellaneous Devices.IntLib
Replace Part D100 Diode 1N4007 in C:\Documents and Settings\Administrator\桌面\work\caijiban\输出运算放大器（5）.SchDoc with Diode 1N4007 from Miscellaneous Devices.IntLib
Replace Part D101 Diode 1N4007 in C:\Documents and Settings\Administrator\桌面\work\caijiban\输出运算放大器（5）.SchDoc with Diode 1N4007 from Miscellaneous Devices.IntLib
Replace Part D102 Diode 1N4007 in C:\Documents and Settings\Administrator\桌面\work\caijiban\输出运算放大器（5）.SchDoc with Diode 1N4007 from Miscellaneous Devices.IntLib
Replace Part D103 Diode 1N4007 in C:\Documents and Settings\Administrator\桌面\work\caijiban\输出运算放大器（5）.SchDoc with Diode 1N4007 from Miscellaneous Devices.IntLib
Replace Part D104 Diode 1N4007 in C:\Documents and Settings\Administrator\桌面\work\caijiban\输出运算放大器（5）.SchDoc with Diode 1N4007 from Miscellaneous Devices.IntLib
Replace Part D105 Diode 1N4007 in C:\Documents and Settings\Administrator\桌面\work\caijiban\输出运算放大器（5）.SchDoc with Diode 1N4007 from Miscellaneous Devices.IntLib
Replace Part MN1 NPN in C:\Documents and Settings\Administrator\桌面\work\caijiban\输出运算放大器（5）.SchDoc with NPN from Miscellaneous Devices.IntLib
Replace Part MN2 NPN in C:\Documents and Settings\Administrator\桌面\work\caijiban\输出运算放大器（5）.SchDoc with NPN from Miscellaneous Devices.IntLib
Replace Part Q45 NPN in C:\Documents and Settings\Administrator\桌面\work\caijiban\输出运算放大器（5）.SchDoc with NPN from Miscellaneous Devices.IntLib
Replace Part Q46 NPN in C:\Documents and Settings\Administrator\桌面\work\caijiban\输出运算放大器（5）.SchDoc with NPN from Miscellaneous Devices.IntLib
Replace Part R203 Res2 in C:\Documents and Settings\Administrator\桌面\work\caijiban\输出运算放大器（5）.SchDoc with Res2 from Miscellaneous Devices.IntLib
Replace Part R204 Res2 in C:\Documents and Settings\Administrator\桌面\work\caijiban\输出运算放大器（5）.SchDoc with Res2 from Miscellaneous Devices.IntLib
Replace Part R205 Res2 in C:\Documents and Settings\Administrator\桌面\work\caijiban\输出运算放大器（5）.SchDoc with Res2 from Miscellaneous Devices.IntLib
Replace Part R206 Res2 in C:\Documents and Settings\Administrator\桌面\work\caijiban\输出运算放大器（5）.SchDoc with Res2 from Miscellaneous Devices.IntLib
Replace Part R207 Res2 in C:\Documents and Settings\Administrator\桌面\work\caijiban\输出运算放大器（5）.SchDoc with Res2 from Miscellaneous Devices.IntLib
Replace Part R208 Res2 in C:\Documents and Settings\Administrator\桌面\work\caijiban\输出运算放大器（5）.SchDoc with Res2 from Miscellaneous Devices.IntLib
Replace Part R209 Res2 in C:\Documents and Settings\Administrator\桌面\work\caijiban\输出运算放大器（5）.SchDoc with Res2 from Miscellaneous Devices.IntLib
Replace Part R210 Res2 in C:\Documents and Settings\Administrator\桌面\work\caijiban\输出运算放大器（5）.SchDoc with Res2 from Miscellaneous Devices.IntLib
Replace Part R211 Res2 in C:\Documents and Settings\Administrator\桌面\work\caijiban\输出运算放大器（5）.SchDoc with Res2 from Miscellaneous Devices.IntLib
Replace Part R212 Res2 in C:\Documents and Settings\Administrator\桌面\work\caijiban\输出运算放大器（5）.SchDoc with Res2 from Miscellaneous Devices.IntLib
Replace Part R213 Res2 in C:\Documents and Settings\Administrator\桌面\work\caijiban\输出运算放大器（5）.SchDoc with Res2 from Miscellaneous Devices.IntLib
Replace Part R214 Res2 in C:\Documents and Settings\Administrator\桌面\work\caijiban\输出运算放大器（5）.SchDoc with Res2 from Miscellaneous Devices.IntLib
Replace Part R215 Res2 in C:\Documents and Settings\Administrator\桌面\work\caijiban\输出运算放大器（5）.SchDoc with Res2 from Miscellaneous Devices.IntLib
Replace Part R216 Res2 in C:\Documents and Settings\Administrator\桌面\work\caijiban\输出运算放大器（5）.SchDoc with Res2 from Miscellaneous Devices.IntLib
Replace Part R217 Res2 in C:\Documents and Settings\Administrator\桌面\work\caijiban\输出运算放大器（5）.SchDoc with Res2 from Miscellaneous Devices.IntLib
Replace Part R218 Res2 in C:\Documents and Settings\Administrator\桌面\work\caijiban\输出运算放大器（5）.SchDoc with Res2 from Miscellaneous Devices.IntLib
Replace Part R219 Res2 in C:\Documents and Settings\Administrator\桌面\work\caijiban\输出运算放大器（5）.SchDoc with Res2 from Miscellaneous Devices.IntLib
Replace Part R220 Res2 in C:\Documents and Settings\Administrator\桌面\work\caijiban\输出运算放大器（5）.SchDoc with Res2 from Miscellaneous Devices.IntLib
Replace Part U25 Component_1 in C:\Documents and Settings\Administrator\桌面\work\caijiban\输出运算放大器（5）.SchDoc with Component_1 from LMV324.SchLib
