Removed Parameter Visible:ture from Part C13
Removed Parameter Visible:ture from Part C14
Removed Parameter Visible:ture from Part C46
Removed Parameter Visible:ture from Part C47
Removed Parameter Visible:ture from Part C48
Removed Parameter Visible:ture from Part C50
Removed Parameter Visible:ture from Part C51
Removed Parameter Visible:ture from Part C52
Removed Parameter Visible:ture from Part C96
Removed Parameter Visible:ture from Part C116
Removed Parameter Visible:ture from Part C130
Removed Parameter Visible:ture from Part C131
Removed Parameter Visible:ture from Part C132
Removed Parameter Visible:ture from Part C140
Removed Parameter Visible:ture from Part C141
Removed Parameter Visible:ture from Part C142
Removed Parameter Visible:ture from Part C144
Removed Parameter Visible:ture from Part C220
Removed Parameter Visible:ture from Part C221
Removed Parameter Visible:ture from Part C222
Removed Parameter Visible:ture from Part D5
Removed Parameter Visible:ture from Part D6
Removed Parameter Visible:ture from Part D7
Removed Parameter Visible:ture from Part D8
Removed Parameter Visible:ture from Part D9
Removed Parameter Visible:ture from Part D10
Removed Parameter Visible:ture from Part D51
Removed Parameter Visible:ture from Part D52
Removed Parameter Visible:ture from Part D62
Removed Parameter Visible:ture from Part D63
Removed Parameter Visible:ture from Part D106
Removed Parameter Visible:ture from Part D107
Removed Parameter Visible:ture from Part L2
Removed Parameter Visible:ture from Part L3
Removed Parameter Visible:ture from Part R29
Removed Parameter Visible:ture from Part R30
Removed Parameter Visible:ture from Part R31
Removed Parameter Visible:ture from Part R32
Removed Parameter Visible:ture from Part R33
Removed Parameter Visible:ture from Part R36
Removed Parameter Visible:ture from Part R38
Removed Parameter Visible:ture from Part R39
Removed Parameter Visible:ture from Part R40
Removed Parameter Visible:ture from Part R41
Removed Parameter Visible:ture from Part R42
Removed Parameter Visible:ture from Part R43
Removed Parameter Visible:ture from Part R44
Removed Parameter Visible:ture from Part R45
Removed Parameter Visible:ture from Part R46
Removed Parameter Visible:ture from Part R47
Removed Parameter Visible:ture from Part R48
Removed Parameter Visible:ture from Part R49
Removed Parameter Visible:ture from Part R50
Removed Parameter Visible:ture from Part R51
Removed Parameter Visible:ture from Part R52
Removed Parameter Visible:ture from Part R53
Removed Parameter Visible:ture from Part R135
Removed Parameter Visible:ture from Part R169
Removed Parameter Visible:ture from Part R170
Removed Parameter Visible:ture from Part R175
Removed Parameter Visible:ture from Part R183
Removed Parameter Visible:ture from Part R201
Removed Parameter Visible:ture from Part R202
Removed Parameter Visible:ture from Part R221
Removed Parameter Visible:ture from Part R222
Removed Parameter Visible:ture from Part R223
Removed Parameter Visible:ture from Part R224
Removed Parameter Visible:ture from Part R225
Removed Parameter Visible:ture from Part U6
Removed Parameter Visible:ture from Part U7
Removed Parameter Visible:ture from Part U24
Removed Parameter Visible:ture from Part U26
Change Value of Parameter Value in Part R51 Old=150 New=150R
Change Value of Parameter Value in Part R135 Old=1K New=0R
Added Parameter Value=150R to Part R45
