Removed Parameter Visible:ture from Part C76
Removed Parameter Visible:ture from Part C81
Removed Parameter Visible:ture from Part C210
Removed Parameter Visible:ture from Part C211
Removed Parameter Visible:ture from Part C212
Removed Parameter Visible:ture from Part C213
Removed Parameter Visible:ture from Part C214
Removed Parameter Visible:ture from Part C215
Removed Parameter Visible:ture from Part C216
Removed Parameter Visible:ture from Part D100
Removed Parameter Visible:ture from Part D101
Removed Parameter Visible:ture from Part D102
Removed Parameter Visible:ture from Part D103
Removed Parameter Visible:ture from Part D104
Removed Parameter Visible:ture from Part D105
Removed Parameter Visible:ture from Part MN1
Removed Parameter Visible:ture from Part MN2
Removed Parameter Visible:ture from Part Q45
Removed Parameter Visible:ture from Part Q46
Removed Parameter Visible:ture from Part R203
Removed Parameter Visible:ture from Part R204
Removed Parameter Visible:ture from Part R205
Removed Parameter Visible:ture from Part R206
Removed Parameter Visible:ture from Part R207
Removed Parameter Visible:ture from Part R208
Removed Parameter Visible:ture from Part R209
Removed Parameter Visible:ture from Part R210
Removed Parameter Visible:ture from Part R211
Removed Parameter Visible:ture from Part R212
Removed Parameter Visible:ture from Part R213
Removed Parameter Visible:ture from Part R214
Removed Parameter Visible:ture from Part R215
Removed Parameter Visible:ture from Part R216
Removed Parameter Visible:ture from Part R217
Removed Parameter Visible:ture from Part R218
Removed Parameter Visible:ture from Part R219
Removed Parameter Visible:ture from Part R220
Removed Parameter Visible:ture from Part U25
Change Value of Parameter Value in Part R208 Old=1K New=0R
Change Value of Parameter Value in Part R219 Old=1K New=0R
