Change Value of Parameter Value in Part C13 Old=100pF New=0.1uF
Change Value of Parameter Value in Part C14 Old=100pF New=0.1uF
Change Value of Parameter Value in Part C46 Old=100pF New=10uF
Change Value of Parameter Value in Part C47 Old=100pF New=0.1uF
Change Value of Parameter Value in Part C48 Old=100pF New=1uF
Change Value of Parameter Value in Part C50 Old=100pF New=1uF
Change Value of Parameter Value in Part C51 Old=100pF New=1uF
Change Value of Parameter Value in Part C52 Old=100pF New=1uF
Change Value of Parameter Value in Part C96 Old=100pF New=10uF
Change Value of Parameter Value in Part C116 Old=100pF New=0.1uF
Change Value of Parameter Value in Part C130 Old=100pF New=0.1uF
Change Value of Parameter Value in Part C131 Old=100pF New=0.1uF
Change Value of Parameter Value in Part C132 Old=100pF New=0.1uF
Change Value of Parameter Value in Part C140 Old=100pF New=22pF
Change Value of Parameter Value in Part C141 Old=100pF New=22pF
Change Value of Parameter Value in Part C142 Old=100pF New=22pF
Change Value of Parameter Value in Part C144 Old=100pF New=22pF
Change Value of Parameter Value in Part C220 Old=100pF New=0.1uF
Change Value of Parameter Value in Part C221 Old=100pF New=22pF
Change Value of Parameter Value in Part C222 Old=100pF New=0.1uF
Change Value of Parameter Value in Part L2 Old=10mH New=1.5uH
Change Value of Parameter Value in Part L3 Old=10mH New=0R
Change Value of Parameter Value in Part R29 Old=1K New=10K
Change Value of Parameter Value in Part R31 Old=1K New=2K
Change Value of Parameter Value in Part R32 Old=1K New=10K
Change Value of Parameter Value in Part R33 Old=1K New=499R
Change Value of Parameter Value in Part R36 Old=1K New=100K
Change Value of Parameter Value in Part R39 Old=1K New=100K
Change Value of Parameter Value in Part R41 Old=1K New=100K
Change Value of Parameter Value in Part R43 Old=1K New=100K
Change Value of Parameter Value in Part R47 Old=1K New=100K
Change Value of Parameter Value in Part R49 Old=1K New=100K
Change Value of Parameter Value in Part R50 Old=150 New=1K
Change Value of Parameter Value in Part R53 Old=1K New=100K
Change Value of Parameter Value in Part R169 Old=1K New=120K
Change Value of Parameter Value in Part R175 Old=1K New=10K
Change Value of Parameter Value in Part R183 Old=1K New=10K
Change Value of Parameter Value in Part R222 Old=1K New=10K
Change Value of Parameter Value in Part R223 Old=1K New=10K
Change Value of Parameter Value in Part R224 Old=1K New=10K
Added Parameter Value=0R to Part D5
Added Parameter Value=0R to Part D7
Added Parameter Value=0R to Part D9
