Removed Parameter Visible:ture from Part C33
Removed Parameter Visible:ture from Part C54
Removed Parameter Visible:ture from Part C56
Removed Parameter Visible:ture from Part C91
Removed Parameter Visible:ture from Part C98
Removed Parameter Visible:ture from Part C99
Removed Parameter Visible:ture from Part C100
Removed Parameter Visible:ture from Part C101
Removed Parameter Visible:ture from Part C105
Removed Parameter Visible:ture from Part C106
Removed Parameter Visible:ture from Part C107
Removed Parameter Visible:ture from Part C108
Removed Parameter Visible:ture from Part C109
Removed Parameter Visible:ture from Part C118
Removed Parameter Visible:ture from Part C200
Removed Parameter Visible:ture from Part C201
Removed Parameter Visible:ture from Part C202
Removed Parameter Visible:ture from Part C203
Removed Parameter Visible:ture from Part D11
Removed Parameter Visible:ture from Part D12
Removed Parameter Visible:ture from Part D13
Removed Parameter Visible:ture from Part D14
Removed Parameter Visible:ture from Part D42
Removed Parameter Visible:ture from Part D43
Removed Parameter Visible:ture from Part D44
Removed Parameter Visible:ture from Part D45
Removed Parameter Visible:ture from Part R54
Removed Parameter Visible:ture from Part R55
Removed Parameter Visible:ture from Part R57
Removed Parameter Visible:ture from Part R58
Removed Parameter Visible:ture from Part R59
Removed Parameter Visible:ture from Part R60
Removed Parameter Visible:ture from Part R61
Removed Parameter Visible:ture from Part R62
Removed Parameter Visible:ture from Part R63
Removed Parameter Visible:ture from Part R65
Removed Parameter Visible:ture from Part R66
Removed Parameter Visible:ture from Part R67
Removed Parameter Visible:ture from Part R68
Removed Parameter Visible:ture from Part R69
Removed Parameter Visible:ture from Part R143
Removed Parameter Visible:ture from Part R144
Removed Parameter Visible:ture from Part R146
Removed Parameter Visible:ture from Part R147
Removed Parameter Visible:ture from Part R148
Removed Parameter Visible:ture from Part R149
Removed Parameter Visible:ture from Part R150
Removed Parameter Visible:ture from Part R151
Removed Parameter Visible:ture from Part R152
Removed Parameter Visible:ture from Part R154
Removed Parameter Visible:ture from Part R155
Removed Parameter Visible:ture from Part R156
Removed Parameter Visible:ture from Part R157
Removed Parameter Visible:ture from Part R158
Removed Parameter Visible:ture from Part R176
Removed Parameter Visible:ture from Part R177
Removed Parameter Visible:ture from Part R178
Removed Parameter Visible:ture from Part R179
Removed Parameter Visible:ture from Part U9
Removed Parameter Visible:ture from Part U10
Removed Parameter Visible:ture from Part U11
Removed Parameter Visible:ture from Part U18
Removed Parameter Visible:ture from Part U19
Removed Parameter Visible:ture from Part U20
Change Value of Parameter Value in Part R60 Old=1K New=10R
Change Value of Parameter Value in Part R68 Old=1K New=10R
Change Value of Parameter Value in Part R149 Old=1K New=10R
Change Value of Parameter Value in Part R157 Old=1K New=10R
