Added Parameter Visible=ture to Part C76
Added Parameter Visible=ture to Part C81
Added Parameter Visible=ture to Part C210
Added Parameter Visible=ture to Part C211
Added Parameter Visible=ture to Part C212
Added Parameter Visible=ture to Part C213
Added Parameter Visible=ture to Part C214
Added Parameter Visible=ture to Part C215
Added Parameter Visible=ture to Part C216
Added Parameter Visible=ture to Part D100
Added Parameter Visible=ture to Part D101
Added Parameter Visible=ture to Part D102
Added Parameter Visible=ture to Part D103
Added Parameter Visible=ture to Part D104
Added Parameter Visible=ture to Part D105
Added Parameter Visible=ture to Part MN1
Added Parameter Visible=ture to Part MN2
Added Parameter Visible=ture to Part Q45
Added Parameter Visible=ture to Part Q46
Added Parameter Visible=ture to Part R203
Added Parameter Visible=ture to Part R204
Added Parameter Visible=ture to Part R205
Added Parameter Visible=ture to Part R206
Added Parameter Visible=ture to Part R207
Added Parameter Visible=ture to Part R208
Added Parameter Visible=ture to Part R209
Added Parameter Visible=ture to Part R210
Added Parameter Visible=ture to Part R211
Added Parameter Visible=ture to Part R212
Added Parameter Visible=ture to Part R213
Added Parameter Visible=ture to Part R214
Added Parameter Visible=ture to Part R215
Added Parameter Visible=ture to Part R216
Added Parameter Visible=ture to Part R217
Added Parameter Visible=ture to Part R218
Added Parameter Visible=ture to Part R219
Added Parameter Visible=ture to Part R220
Added Parameter Visible=ture to Part U25
