Added Parameter Visible=ture to Part C13
Added Parameter Visible=ture to Part C14
Added Parameter Visible=ture to Part C46
Added Parameter Visible=ture to Part C47
Added Parameter Visible=ture to Part C48
Added Parameter Visible=ture to Part C50
Added Parameter Visible=ture to Part C51
Added Parameter Visible=ture to Part C52
Added Parameter Visible=ture to Part C96
Added Parameter Visible=ture to Part C116
Added Parameter Visible=ture to Part C130
Added Parameter Visible=ture to Part C131
Added Parameter Visible=ture to Part C132
Added Parameter Visible=ture to Part C140
Added Parameter Visible=ture to Part C141
Added Parameter Visible=ture to Part C142
Added Parameter Visible=ture to Part C144
Added Parameter Visible=ture to Part C220
Added Parameter Visible=ture to Part C221
Added Parameter Visible=ture to Part C222
Added Parameter Visible=ture to Part D5
Added Parameter Visible=ture to Part D6
Added Parameter Visible=ture to Part D7
Added Parameter Visible=ture to Part D8
Added Parameter Visible=ture to Part D9
Added Parameter Visible=ture to Part D10
Added Parameter Visible=ture to Part D51
Added Parameter Visible=ture to Part D52
Added Parameter Visible=ture to Part D62
Added Parameter Visible=ture to Part D63
Added Parameter Visible=ture to Part D106
Added Parameter Visible=ture to Part D107
Added Parameter Visible=ture to Part L2
Added Parameter Visible=ture to Part L3
Added Parameter Visible=ture to Part R29
Added Parameter Visible=ture to Part R30
Added Parameter Visible=ture to Part R31
Added Parameter Visible=ture to Part R32
Added Parameter Visible=ture to Part R33
Added Parameter Visible=ture to Part R36
Added Parameter Visible=ture to Part R38
Added Parameter Visible=ture to Part R39
Added Parameter Visible=ture to Part R40
Added Parameter Visible=ture to Part R41
Added Parameter Visible=ture to Part R42
Added Parameter Visible=ture to Part R43
Added Parameter Visible=ture to Part R44
Added Parameter Visible=ture to Part R45
Added Parameter Visible=ture to Part R46
Added Parameter Visible=ture to Part R47
Added Parameter Visible=ture to Part R48
Added Parameter Visible=ture to Part R49
Added Parameter Visible=ture to Part R50
Added Parameter Visible=ture to Part R51
Added Parameter Visible=ture to Part R52
Added Parameter Visible=ture to Part R53
Added Parameter Visible=ture to Part R135
Added Parameter Visible=ture to Part R169
Added Parameter Visible=ture to Part R170
Added Parameter Visible=ture to Part R175
Added Parameter Visible=ture to Part R183
Added Parameter Visible=ture to Part R201
Added Parameter Visible=ture to Part R202
Added Parameter Visible=ture to Part R221
Added Parameter Visible=ture to Part R222
Added Parameter Visible=ture to Part R223
Added Parameter Visible=ture to Part R224
Added Parameter Visible=ture to Part R225
Added Parameter Visible=ture to Part U6
Added Parameter Visible=ture to Part U7
Added Parameter Visible=ture to Part U24
Added Parameter Visible=ture to Part U26
