Change Value of Parameter Value in Part C33 Old=100pF New=0.1uF
Change Value of Parameter Value in Part C54 Old=100pF New=10NF
Change Value of Parameter Value in Part C56 Old=100pF New=50pF
Change Value of Parameter Value in Part C98 Old=100pF New=0.1uF
Change Value of Parameter Value in Part C99 Old=100pF New=0.1uF
Change Value of Parameter Value in Part C100 Old=100pF New=10uF
Change Value of Parameter Value in Part C101 Old=100pF New=10uF
Change Value of Parameter Value in Part C106 Old=100pF New=50pF
Change Value of Parameter Value in Part C108 Old=100pF New=50pF
Change Value of Parameter Value in Part C109 Old=100pF New=10uF
Change Value of Parameter Value in Part C200 Old=100pF New=22pF
Change Value of Parameter Value in Part C201 Old=100pF New=22pF
Change Value of Parameter Value in Part C202 Old=100pF New=22pF
Change Value of Parameter Value in Part C203 Old=100pF New=22pF
Change Value of Parameter Value in Part R54 Old=1K New=100K
Change Value of Parameter Value in Part R55 Old=1K New=100K
Change Value of Parameter Value in Part R57 Old=1K New=2K
Change Value of Parameter Value in Part R58 Old=1K New=30K
Change Value of Parameter Value in Part R59 Old=1K New=2K
Change Value of Parameter Value in Part R61 Old=1K New=22K
Change Value of Parameter Value in Part R62 Old=1K New=47K
Change Value of Parameter Value in Part R63 Old=1K New=100K
Change Value of Parameter Value in Part R65 Old=1K New=2K
Change Value of Parameter Value in Part R66 Old=1K New=10K
Change Value of Parameter Value in Part R67 Old=1K New=2K
Change Value of Parameter Value in Part R69 Old=1K New=22K
Change Value of Parameter Value in Part R143 Old=1K New=47K
Change Value of Parameter Value in Part R144 Old=1K New=100K
Change Value of Parameter Value in Part R146 Old=1K New=2K
Change Value of Parameter Value in Part R147 Old=1K New=10K
Change Value of Parameter Value in Part R148 Old=1K New=2K
Change Value of Parameter Value in Part R150 Old=1K New=22K
Change Value of Parameter Value in Part R151 Old=1K New=47K
Change Value of Parameter Value in Part R152 Old=1K New=100K
Change Value of Parameter Value in Part R154 Old=1K New=2K
Change Value of Parameter Value in Part R155 Old=1K New=10K
Change Value of Parameter Value in Part R156 Old=1K New=2K
Change Value of Parameter Value in Part R158 Old=1K New=22K
Change Value of Parameter Value in Part R176 Old=1K New=47K
Change Value of Parameter Value in Part R177 Old=1K New=47K
Change Value of Parameter Value in Part R178 Old=1K New=47K
Change Value of Parameter Value in Part R179 Old=1K New=4.7K
