Replace Part C13 Cap in C:\Documents and Settings\Administrator\桌面\work\caijiban\输出运算放大(3).SchDoc with Cap from Miscellaneous Devices.IntLib
Replace Part C14 Cap in C:\Documents and Settings\Administrator\桌面\work\caijiban\输出运算放大(3).SchDoc with Cap from Miscellaneous Devices.IntLib
Replace Part C46 Cap in C:\Documents and Settings\Administrator\桌面\work\caijiban\输出运算放大(3).SchDoc with Cap from Miscellaneous Devices.IntLib
Replace Part C47 Cap in C:\Documents and Settings\Administrator\桌面\work\caijiban\输出运算放大(3).SchDoc with Cap from Miscellaneous Devices.IntLib
Replace Part C48 Cap in C:\Documents and Settings\Administrator\桌面\work\caijiban\输出运算放大(3).SchDoc with Cap from Miscellaneous Devices.IntLib
Replace Part C50 Cap in C:\Documents and Settings\Administrator\桌面\work\caijiban\输出运算放大(3).SchDoc with Cap from Miscellaneous Devices.IntLib
Replace Part C51 Cap in C:\Documents and Settings\Administrator\桌面\work\caijiban\输出运算放大(3).SchDoc with Cap from Miscellaneous Devices.IntLib
Replace Part C52 Cap in C:\Documents and Settings\Administrator\桌面\work\caijiban\输出运算放大(3).SchDoc with Cap from Miscellaneous Devices.IntLib
Replace Part C96 Cap in C:\Documents and Settings\Administrator\桌面\work\caijiban\输出运算放大(3).SchDoc with Cap from Miscellaneous Devices.IntLib
Replace Part C116 Cap in C:\Documents and Settings\Administrator\桌面\work\caijiban\输出运算放大(3).SchDoc with Cap from Miscellaneous Devices.IntLib
Replace Part C130 Cap in C:\Documents and Settings\Administrator\桌面\work\caijiban\输出运算放大(3).SchDoc with Cap from Miscellaneous Devices.IntLib
Replace Part C131 Cap in C:\Documents and Settings\Administrator\桌面\work\caijiban\输出运算放大(3).SchDoc with Cap from Miscellaneous Devices.IntLib
Replace Part C132 Cap in C:\Documents and Settings\Administrator\桌面\work\caijiban\输出运算放大(3).SchDoc with Cap from Miscellaneous Devices.IntLib
Replace Part C140 Cap in C:\Documents and Settings\Administrator\桌面\work\caijiban\输出运算放大(3).SchDoc with Cap from Miscellaneous Devices.IntLib
Replace Part C141 Cap in C:\Documents and Settings\Administrator\桌面\work\caijiban\输出运算放大(3).SchDoc with Cap from Miscellaneous Devices.IntLib
Replace Part C142 Cap in C:\Documents and Settings\Administrator\桌面\work\caijiban\输出运算放大(3).SchDoc with Cap from Miscellaneous Devices.IntLib
Replace Part C144 Cap in C:\Documents and Settings\Administrator\桌面\work\caijiban\输出运算放大(3).SchDoc with Cap from Miscellaneous Devices.IntLib
Replace Part C220 Cap in C:\Documents and Settings\Administrator\桌面\work\caijiban\输出运算放大(3).SchDoc with Cap from Miscellaneous Devices.IntLib
Replace Part C221 Cap in C:\Documents and Settings\Administrator\桌面\work\caijiban\输出运算放大(3).SchDoc with Cap from Miscellaneous Devices.IntLib
Replace Part C222 Cap in C:\Documents and Settings\Administrator\桌面\work\caijiban\输出运算放大(3).SchDoc with Cap from Miscellaneous Devices.IntLib
Replace Part D5 Diode 1N4007 in C:\Documents and Settings\Administrator\桌面\work\caijiban\输出运算放大(3).SchDoc with Diode 1N4007 from Miscellaneous Devices.IntLib
Replace Part D6 Diode 1N4007 in C:\Documents and Settings\Administrator\桌面\work\caijiban\输出运算放大(3).SchDoc with Diode 1N4007 from Miscellaneous Devices.IntLib
Replace Part D7 Diode 1N4007 in C:\Documents and Settings\Administrator\桌面\work\caijiban\输出运算放大(3).SchDoc with Diode 1N4007 from Miscellaneous Devices.IntLib
Replace Part D8 Diode 1N4007 in C:\Documents and Settings\Administrator\桌面\work\caijiban\输出运算放大(3).SchDoc with Diode 1N4007 from Miscellaneous Devices.IntLib
Replace Part D9 Diode 1N4007 in C:\Documents and Settings\Administrator\桌面\work\caijiban\输出运算放大(3).SchDoc with Diode 1N4007 from Miscellaneous Devices.IntLib
Replace Part D10 Diode 1N4007 in C:\Documents and Settings\Administrator\桌面\work\caijiban\输出运算放大(3).SchDoc with Diode 1N4007 from Miscellaneous Devices.IntLib
Replace Part D51 Diode 1N4007 in C:\Documents and Settings\Administrator\桌面\work\caijiban\输出运算放大(3).SchDoc with Diode 1N4007 from Miscellaneous Devices.IntLib
Replace Part D52 Diode 1N4007 in C:\Documents and Settings\Administrator\桌面\work\caijiban\输出运算放大(3).SchDoc with Diode 1N4007 from Miscellaneous Devices.IntLib
Replace Part D62 Diode 1N4007 in C:\Documents and Settings\Administrator\桌面\work\caijiban\输出运算放大(3).SchDoc with Diode 1N4007 from Miscellaneous Devices.IntLib
Replace Part D63 Diode 1N4007 in C:\Documents and Settings\Administrator\桌面\work\caijiban\输出运算放大(3).SchDoc with Diode 1N4007 from Miscellaneous Devices.IntLib
Replace Part D106 Diode 1N4007 in C:\Documents and Settings\Administrator\桌面\work\caijiban\输出运算放大(3).SchDoc with Diode 1N4007 from Miscellaneous Devices.IntLib
Replace Part D107 Diode 1N4007 in C:\Documents and Settings\Administrator\桌面\work\caijiban\输出运算放大(3).SchDoc with Diode 1N4007 from Miscellaneous Devices.IntLib
Replace Part L2 Inductor in C:\Documents and Settings\Administrator\桌面\work\caijiban\输出运算放大(3).SchDoc with Inductor from Miscellaneous Devices.IntLib
Replace Part L3 Inductor in C:\Documents and Settings\Administrator\桌面\work\caijiban\输出运算放大(3).SchDoc with Inductor from Miscellaneous Devices.IntLib
Replace Part R29 Res2 in C:\Documents and Settings\Administrator\桌面\work\caijiban\输出运算放大(3).SchDoc with Res2 from Miscellaneous Devices.IntLib
Replace Part R30 Res2 in C:\Documents and Settings\Administrator\桌面\work\caijiban\输出运算放大(3).SchDoc with Res2 from Miscellaneous Devices.IntLib
Replace Part R31 Res2 in C:\Documents and Settings\Administrator\桌面\work\caijiban\输出运算放大(3).SchDoc with Res2 from Miscellaneous Devices.IntLib
Replace Part R32 Res2 in C:\Documents and Settings\Administrator\桌面\work\caijiban\输出运算放大(3).SchDoc with Res2 from Miscellaneous Devices.IntLib
Replace Part R33 Res2 in C:\Documents and Settings\Administrator\桌面\work\caijiban\输出运算放大(3).SchDoc with Res2 from Miscellaneous Devices.IntLib
Replace Part R36 Res2 in C:\Documents and Settings\Administrator\桌面\work\caijiban\输出运算放大(3).SchDoc with Res2 from Miscellaneous Devices.IntLib
Replace Part R38 Res2 in C:\Documents and Settings\Administrator\桌面\work\caijiban\输出运算放大(3).SchDoc with Res2 from Miscellaneous Devices.IntLib
Replace Part R39 Res2 in C:\Documents and Settings\Administrator\桌面\work\caijiban\输出运算放大(3).SchDoc with Res2 from Miscellaneous Devices.IntLib
Replace Part R40 Res2 in C:\Documents and Settings\Administrator\桌面\work\caijiban\输出运算放大(3).SchDoc with Res2 from Miscellaneous Devices.IntLib
Replace Part R41 Res2 in C:\Documents and Settings\Administrator\桌面\work\caijiban\输出运算放大(3).SchDoc with Res2 from Miscellaneous Devices.IntLib
Replace Part R42 Res2 in C:\Documents and Settings\Administrator\桌面\work\caijiban\输出运算放大(3).SchDoc with Res2 from Miscellaneous Devices.IntLib
Replace Part R43 Res2 in C:\Documents and Settings\Administrator\桌面\work\caijiban\输出运算放大(3).SchDoc with Res2 from Miscellaneous Devices.IntLib
Replace Part R44 Res2 in C:\Documents and Settings\Administrator\桌面\work\caijiban\输出运算放大(3).SchDoc with Res2 from Miscellaneous Devices.IntLib
Replace Part R45 Res2 in C:\Documents and Settings\Administrator\桌面\work\caijiban\输出运算放大(3).SchDoc with Res2 from Miscellaneous Devices.IntLib
Replace Part R46 Res2 in C:\Documents and Settings\Administrator\桌面\work\caijiban\输出运算放大(3).SchDoc with Res2 from Miscellaneous Devices.IntLib
Replace Part R47 Res2 in C:\Documents and Settings\Administrator\桌面\work\caijiban\输出运算放大(3).SchDoc with Res2 from Miscellaneous Devices.IntLib
Replace Part R48 Res2 in C:\Documents and Settings\Administrator\桌面\work\caijiban\输出运算放大(3).SchDoc with Res2 from Miscellaneous Devices.IntLib
Replace Part R49 Res2 in C:\Documents and Settings\Administrator\桌面\work\caijiban\输出运算放大(3).SchDoc with Res2 from Miscellaneous Devices.IntLib
Replace Part R50 Res2 in C:\Documents and Settings\Administrator\桌面\work\caijiban\输出运算放大(3).SchDoc with Res2 from Miscellaneous Devices.IntLib
Replace Part R51 Res2 in C:\Documents and Settings\Administrator\桌面\work\caijiban\输出运算放大(3).SchDoc with Res2 from Miscellaneous Devices.IntLib
Replace Part R52 Res2 in C:\Documents and Settings\Administrator\桌面\work\caijiban\输出运算放大(3).SchDoc with Res2 from Miscellaneous Devices.IntLib
Replace Part R53 Res2 in C:\Documents and Settings\Administrator\桌面\work\caijiban\输出运算放大(3).SchDoc with Res2 from Miscellaneous Devices.IntLib
Replace Part R135 Res2 in C:\Documents and Settings\Administrator\桌面\work\caijiban\输出运算放大(3).SchDoc with Res2 from Miscellaneous Devices.IntLib
Replace Part R169 Res2 in C:\Documents and Settings\Administrator\桌面\work\caijiban\输出运算放大(3).SchDoc with Res2 from Miscellaneous Devices.IntLib
Replace Part R170 Res2 in C:\Documents and Settings\Administrator\桌面\work\caijiban\输出运算放大(3).SchDoc with Res2 from Miscellaneous Devices.IntLib
Replace Part R175 Res2 in C:\Documents and Settings\Administrator\桌面\work\caijiban\输出运算放大(3).SchDoc with Res2 from Miscellaneous Devices.IntLib
Replace Part R183 Res2 in C:\Documents and Settings\Administrator\桌面\work\caijiban\输出运算放大(3).SchDoc with Res2 from Miscellaneous Devices.IntLib
Replace Part R201 Res2 in C:\Documents and Settings\Administrator\桌面\work\caijiban\输出运算放大(3).SchDoc with Res2 from Miscellaneous Devices.IntLib
Replace Part R202 Res2 in C:\Documents and Settings\Administrator\桌面\work\caijiban\输出运算放大(3).SchDoc with Res2 from Miscellaneous Devices.IntLib
Replace Part R221 Res2 in C:\Documents and Settings\Administrator\桌面\work\caijiban\输出运算放大(3).SchDoc with Res2 from Miscellaneous Devices.IntLib
Replace Part R222 Res2 in C:\Documents and Settings\Administrator\桌面\work\caijiban\输出运算放大(3).SchDoc with Res2 from Miscellaneous Devices.IntLib
Replace Part R223 Res2 in C:\Documents and Settings\Administrator\桌面\work\caijiban\输出运算放大(3).SchDoc with Res2 from Miscellaneous Devices.IntLib
Replace Part R224 Res2 in C:\Documents and Settings\Administrator\桌面\work\caijiban\输出运算放大(3).SchDoc with Res2 from Miscellaneous Devices.IntLib
Replace Part R225 Res2 in C:\Documents and Settings\Administrator\桌面\work\caijiban\输出运算放大(3).SchDoc with Res2 from Miscellaneous Devices.IntLib
Replace Part U6 Component_1 in C:\Documents and Settings\Administrator\桌面\work\caijiban\输出运算放大(3).SchDoc with Component_1 from LMV324.SchLib
Replace Part U7 NPN in C:\Documents and Settings\Administrator\桌面\work\caijiban\输出运算放大(3).SchDoc with NPN from Miscellaneous Devices.IntLib
Replace Part U24 Component_1 in C:\Documents and Settings\Administrator\桌面\work\caijiban\输出运算放大(3).SchDoc with Component_1 from LMV321.SchLib
Replace Part U26 Component_1 in C:\Documents and Settings\Administrator\桌面\work\caijiban\输出运算放大(3).SchDoc with Component_1 from LMV321.SchLib
