Removed Parameter Visible:ture from Part C1
Removed Parameter Visible:ture from Part C2
Removed Parameter Visible:ture from Part C3
Removed Parameter Visible:ture from Part C4
Removed Parameter Visible:ture from Part C5
Removed Parameter Visible:ture from Part C6
Removed Parameter Visible:ture from Part C7
Removed Parameter Visible:ture from Part C8
Removed Parameter Visible:ture from Part C9
Removed Parameter Visible:ture from Part C10
Removed Parameter Visible:ture from Part C11
Removed Parameter Visible:ture from Part C12
Removed Parameter Visible:ture from Part C15
Removed Parameter Visible:ture from Part C16
Removed Parameter Visible:ture from Part C17
Removed Parameter Visible:ture from Part C18
Removed Parameter Visible:ture from Part C114
Removed Parameter Visible:ture from Part D1
Removed Parameter Visible:ture from Part R1
Removed Parameter Visible:ture from Part R2
Removed Parameter Visible:ture from Part R3
Removed Parameter Visible:ture from Part R4
Removed Parameter Visible:ture from Part R5
Removed Parameter Visible:ture from Part R6
Removed Parameter Visible:ture from Part R7
Removed Parameter Visible:ture from Part R8
Removed Parameter Visible:ture from Part R9
Removed Parameter Visible:ture from Part R11
Removed Parameter Visible:ture from Part R12
Removed Parameter Visible:ture from Part R13
Removed Parameter Visible:ture from Part R14
Removed Parameter Visible:ture from Part R15
Removed Parameter Visible:ture from Part R16
Removed Parameter Visible:ture from Part R17
Removed Parameter Visible:ture from Part TR1
Removed Parameter Visible:ture from Part TR2
Removed Parameter Visible:ture from Part TVS1
Removed Parameter Visible:ture from Part TVS2
Removed Parameter Visible:ture from Part U1
Removed Parameter Visible:ture from Part U2
Removed Parameter Visible:ture from Part U3
Change Value of Parameter Value in Part R1 Old=1K New=15R
Change Value of Parameter Value in Part R2 Old=1K New=15R
Change Value of Parameter Value in Part R5 Old=1K New=120R
Change Value of Parameter Value in Part R11 Old=1K New=10R
Change Value of Parameter Value in Part R12 Old=1K New=10R
Change Value of Parameter Value in Part R14 Old=1K New=10R
Change Value of Parameter Value in Part R15 Old=1K New=10R
