Change Value of Parameter Value in Part C1 Old=104 New=0.1uF
Change Value of Parameter Value in Part C2 Old=100pF New=10uF
Change Value of Parameter Value in Part C3 Old=100pF New=10uF
Change Value of Parameter Value in Part C4 Old=100pF New=0.1uF
Change Value of Parameter Value in Part C5 Old=100pF New=50pF
Change Value of Parameter Value in Part C6 Old=100pF New=22pF
Change Value of Parameter Value in Part C7 Old=100pF New=0.1uF
Change Value of Parameter Value in Part C8 Old=100pF New=10uF
Change Value of Parameter Value in Part C9 Old=100pF New=10uF
Change Value of Parameter Value in Part C10 Old=100pF New=0.1uF
Change Value of Parameter Value in Part C11 Old=100pF New=10uF
Change Value of Parameter Value in Part C12 Old=100pF New=0.1uF
Change Value of Parameter Value in Part C15 Old=100pF New=10uF
Change Value of Parameter Value in Part C16 Old=100pF New=0.1uF
Change Value of Parameter Value in Part C17 Old=100pF New=10uF
Change Value of Parameter Value in Part C18 Old=100pF New=0.1uF
Change Value of Parameter Value in Part C114 Old=100pF New=10uF
Change Value of Parameter Value in Part R3 Old=1K New=10K
Change Value of Parameter Value in Part R4 Old=1K New=10K
Change Value of Parameter Value in Part R6 Old=1K New=4.7K
Change Value of Parameter Value in Part R7 Old=1K New=4.7K
Change Value of Parameter Value in Part R8 Old=1K New=10K
Change Value of Parameter Value in Part R9 Old=1K New=4.7K
Change Value of Parameter Value in Part R16 Old=1K New=4.7K
Change Value of Parameter Value in Part R17 Old=1K New=10K
