Replace Part C1 Cap in C:\Documents and Settings\Administrator\桌面\work\caijiban\集成隔离器（4）.SchDoc with Cap from Miscellaneous Devices.IntLib
Replace Part C2 Cap in C:\Documents and Settings\Administrator\桌面\work\caijiban\集成隔离器（4）.SchDoc with Cap from Miscellaneous Devices.IntLib
Replace Part C3 Cap in C:\Documents and Settings\Administrator\桌面\work\caijiban\集成隔离器（4）.SchDoc with Cap from Miscellaneous Devices.IntLib
Replace Part C4 Cap in C:\Documents and Settings\Administrator\桌面\work\caijiban\集成隔离器（4）.SchDoc with Cap from Miscellaneous Devices.IntLib
Replace Part C5 Cap in C:\Documents and Settings\Administrator\桌面\work\caijiban\集成隔离器（4）.SchDoc with Cap from Miscellaneous Devices.IntLib
Replace Part C6 Cap in C:\Documents and Settings\Administrator\桌面\work\caijiban\集成隔离器（4）.SchDoc with Cap from Miscellaneous Devices.IntLib
Replace Part C7 Cap in C:\Documents and Settings\Administrator\桌面\work\caijiban\集成隔离器（4）.SchDoc with Cap from Miscellaneous Devices.IntLib
Replace Part C8 Cap in C:\Documents and Settings\Administrator\桌面\work\caijiban\集成隔离器（4）.SchDoc with Cap from Miscellaneous Devices.IntLib
Replace Part C9 Cap in C:\Documents and Settings\Administrator\桌面\work\caijiban\集成隔离器（4）.SchDoc with Cap from Miscellaneous Devices.IntLib
Replace Part C10 Cap in C:\Documents and Settings\Administrator\桌面\work\caijiban\集成隔离器（4）.SchDoc with Cap from Miscellaneous Devices.IntLib
Replace Part C11 Cap in C:\Documents and Settings\Administrator\桌面\work\caijiban\集成隔离器（4）.SchDoc with Cap from Miscellaneous Devices.IntLib
Replace Part C12 Cap in C:\Documents and Settings\Administrator\桌面\work\caijiban\集成隔离器（4）.SchDoc with Cap from Miscellaneous Devices.IntLib
Replace Part C15 Cap in C:\Documents and Settings\Administrator\桌面\work\caijiban\集成隔离器（4）.SchDoc with Cap from Miscellaneous Devices.IntLib
Replace Part C16 Cap in C:\Documents and Settings\Administrator\桌面\work\caijiban\集成隔离器（4）.SchDoc with Cap from Miscellaneous Devices.IntLib
Replace Part C17 Cap in C:\Documents and Settings\Administrator\桌面\work\caijiban\集成隔离器（4）.SchDoc with Cap from Miscellaneous Devices.IntLib
Replace Part C18 Cap in C:\Documents and Settings\Administrator\桌面\work\caijiban\集成隔离器（4）.SchDoc with Cap from Miscellaneous Devices.IntLib
Replace Part C114 Cap in C:\Documents and Settings\Administrator\桌面\work\caijiban\集成隔离器（4）.SchDoc with Cap from Miscellaneous Devices.IntLib
Replace Part D1 Component_1 in C:\Documents and Settings\Administrator\桌面\work\caijiban\集成隔离器（4）.SchDoc with Component_1 from 标准电容阵列.SchLib
Replace Part R1 Res2 in C:\Documents and Settings\Administrator\桌面\work\caijiban\集成隔离器（4）.SchDoc with Res2 from Miscellaneous Devices.IntLib
Replace Part R2 Res2 in C:\Documents and Settings\Administrator\桌面\work\caijiban\集成隔离器（4）.SchDoc with Res2 from Miscellaneous Devices.IntLib
Replace Part R3 Res2 in C:\Documents and Settings\Administrator\桌面\work\caijiban\集成隔离器（4）.SchDoc with Res2 from Miscellaneous Devices.IntLib
Replace Part R4 Res2 in C:\Documents and Settings\Administrator\桌面\work\caijiban\集成隔离器（4）.SchDoc with Res2 from Miscellaneous Devices.IntLib
Replace Part R5 Res2 in C:\Documents and Settings\Administrator\桌面\work\caijiban\集成隔离器（4）.SchDoc with Res2 from Miscellaneous Devices.IntLib
Replace Part R6 Res2 in C:\Documents and Settings\Administrator\桌面\work\caijiban\集成隔离器（4）.SchDoc with Res2 from Miscellaneous Devices.IntLib
Replace Part R7 Res2 in C:\Documents and Settings\Administrator\桌面\work\caijiban\集成隔离器（4）.SchDoc with Res2 from Miscellaneous Devices.IntLib
Replace Part R8 Res2 in C:\Documents and Settings\Administrator\桌面\work\caijiban\集成隔离器（4）.SchDoc with Res2 from Miscellaneous Devices.IntLib
Replace Part R9 Res2 in C:\Documents and Settings\Administrator\桌面\work\caijiban\集成隔离器（4）.SchDoc with Res2 from Miscellaneous Devices.IntLib
Replace Part R11 Res2 in C:\Documents and Settings\Administrator\桌面\work\caijiban\集成隔离器（4）.SchDoc with Res2 from Miscellaneous Devices.IntLib
Replace Part R12 Res2 in C:\Documents and Settings\Administrator\桌面\work\caijiban\集成隔离器（4）.SchDoc with Res2 from Miscellaneous Devices.IntLib
Replace Part R13 Res2 in C:\Documents and Settings\Administrator\桌面\work\caijiban\集成隔离器（4）.SchDoc with Res2 from Miscellaneous Devices.IntLib
Replace Part R14 Res2 in C:\Documents and Settings\Administrator\桌面\work\caijiban\集成隔离器（4）.SchDoc with Res2 from Miscellaneous Devices.IntLib
Replace Part R15 Res2 in C:\Documents and Settings\Administrator\桌面\work\caijiban\集成隔离器（4）.SchDoc with Res2 from Miscellaneous Devices.IntLib
Replace Part R16 Res2 in C:\Documents and Settings\Administrator\桌面\work\caijiban\集成隔离器（4）.SchDoc with Res2 from Miscellaneous Devices.IntLib
Replace Part R17 Res2 in C:\Documents and Settings\Administrator\桌面\work\caijiban\集成隔离器（4）.SchDoc with Res2 from Miscellaneous Devices.IntLib
Replace Part TR1 Component_1 in C:\Documents and Settings\Administrator\桌面\work\caijiban\集成隔离器（4）.SchDoc with Component_1 from ACM共模电感.SchLib
Replace Part TR2 Component_1 in C:\Documents and Settings\Administrator\桌面\work\caijiban\集成隔离器（4）.SchDoc with Component_1 from ACM共模电感.SchLib
Replace Part TVS1 Diode 1N4007 in C:\Documents and Settings\Administrator\桌面\work\caijiban\集成隔离器（4）.SchDoc with Diode 1N4007 from Miscellaneous Devices.IntLib
Replace Part TVS2 Diode 1N4007 in C:\Documents and Settings\Administrator\桌面\work\caijiban\集成隔离器（4）.SchDoc with Diode 1N4007 from Miscellaneous Devices.IntLib
Replace Part U1 Component_1 in C:\Documents and Settings\Administrator\桌面\work\caijiban\集成隔离器（4）.SchDoc with Component_1 from ADUM5401.SchLib
Replace Part U2 Component_1 in C:\Documents and Settings\Administrator\桌面\work\caijiban\集成隔离器（4）.SchDoc with Component_1 from TJA1050T.SchLib
Replace Part U3 Component_1 in C:\Documents and Settings\Administrator\桌面\work\caijiban\集成隔离器（4）.SchDoc with Component_1 from ADM2587E.SchLib
