Change Value of Parameter Value in Part C1 Old=100pF New=104
Added Parameter Visible=ture to Part C1
Added Parameter Visible=ture to Part C2
Added Parameter Visible=ture to Part C3
Added Parameter Visible=ture to Part C4
Added Parameter Visible=ture to Part C5
Added Parameter Visible=ture to Part C6
Added Parameter Visible=ture to Part C7
Added Parameter Visible=ture to Part C8
Added Parameter Visible=ture to Part C9
Added Parameter Visible=ture to Part C10
Added Parameter Visible=ture to Part C11
Added Parameter Visible=ture to Part C12
Added Parameter Visible=ture to Part C15
Added Parameter Visible=ture to Part C16
Added Parameter Visible=ture to Part C17
Added Parameter Visible=ture to Part C18
Added Parameter Visible=ture to Part C114
Added Parameter Visible=ture to Part D1
Added Parameter Visible=ture to Part R1
Added Parameter Visible=ture to Part R2
Added Parameter Visible=ture to Part R3
Added Parameter Visible=ture to Part R4
Added Parameter Visible=ture to Part R5
Added Parameter Visible=ture to Part R6
Added Parameter Visible=ture to Part R7
Added Parameter Visible=ture to Part R8
Added Parameter Visible=ture to Part R9
Added Parameter Visible=ture to Part R11
Added Parameter Visible=ture to Part R12
Added Parameter Visible=ture to Part R13
Added Parameter Visible=ture to Part R14
Added Parameter Visible=ture to Part R15
Added Parameter Visible=ture to Part R16
Added Parameter Visible=ture to Part R17
Added Parameter Visible=ture to Part TR1
Added Parameter Visible=ture to Part TR2
Added Parameter Visible=ture to Part TVS1
Added Parameter Visible=ture to Part TVS2
Added Parameter Visible=ture to Part U1
Added Parameter Visible=ture to Part U2
Added Parameter Visible=ture to Part U3
